<?xml version="1.0" encoding="utf-8"?>
<coverage line-rate="0.6037" branch-rate="0.4411" version="1.9" timestamp="1751898638" lines-covered="608" lines-valid="1007" branches-covered="120" branches-valid="272">
  <sources>
    <source>/Users/sami/devel/rivoli-ai/cerebras-cloud-sdk-dotnet/src/Cerebras.Cloud.Sdk/</source>
  </sources>
  <packages>
    <package name="Cerebras.Cloud.Sdk" line-rate="0.6037" branch-rate="0.4411" complexity="494">
      <classes>
        <class name="Cerebras.Cloud.Sdk.CerebrasClient" filename="CerebrasClient.cs" line-rate="0.7575" branch-rate="0.5625" complexity="16">
          <methods>
            <method name="&lt;.ctor&gt;b__5_2" signature="(Polly.DelegateResult`1&lt;System.Net.Http.HttpResponseMessage&gt;,System.TimeSpan,System.Int32,Polly.Context)" line-rate="0.2" branch-rate="0" complexity="2">
              <lines>
                <line number="65" hits="0" branch="False" />
                <line number="66" hits="0" branch="True" condition-coverage="0% (0/2)">
                  <conditions>
                    <condition number="51" type="jump" coverage="0%" />
                  </conditions>
                </line>
                <line number="67" hits="0" branch="False" />
                <line number="68" hits="0" branch="False" />
                <line number="69" hits="6" branch="False" />
              </lines>
            </method>
            <method name=".ctor" signature="(System.Net.Http.HttpClient,Microsoft.Extensions.Logging.ILogger`1&lt;Cerebras.Cloud.Sdk.CerebrasClient&gt;,Microsoft.Extensions.Options.IOptions`1&lt;Cerebras.Cloud.Sdk.Configuration.CerebrasClientOptions&gt;)" line-rate="0.8571" branch-rate="0.6428" complexity="14">
              <lines>
                <line number="37" hits="6" branch="False" />
                <line number="38" hits="6" branch="False" />
                <line number="39" hits="6" branch="False" />
                <line number="40" hits="6" branch="False" />
                <line number="41" hits="6" branch="False" />
                <line number="42" hits="6" branch="True" condition-coverage="50% (1/2)">
                  <conditions>
                    <condition number="11" type="jump" coverage="50%" />
                  </conditions>
                </line>
                <line number="43" hits="6" branch="True" condition-coverage="50% (1/2)">
                  <conditions>
                    <condition number="33" type="jump" coverage="50%" />
                  </conditions>
                </line>
                <line number="44" hits="6" branch="True" condition-coverage="50% (2/4)">
                  <conditions>
                    <condition number="54" type="jump" coverage="50%" />
                    <condition number="66" type="jump" coverage="50%" />
                  </conditions>
                </line>
                <line number="47" hits="6" branch="True" condition-coverage="50% (1/2)">
                  <conditions>
                    <condition number="103" type="jump" coverage="50%" />
                  </conditions>
                </line>
                <line number="48" hits="0" branch="False" />
                <line number="49" hits="0" branch="False" />
                <line number="50" hits="0" branch="False" />
                <line number="53" hits="6" branch="True" condition-coverage="100% (2/2)">
                  <conditions>
                    <condition number="148" type="jump" coverage="100%" />
                  </conditions>
                </line>
                <line number="54" hits="6" branch="False" />
                <line number="55" hits="6" branch="False" />
                <line number="56" hits="6" branch="False" />
                <line number="59" hits="6" branch="False" />
                <line number="60" hits="5" branch="True" condition-coverage="100% (2/2)">
                  <conditions>
                    <condition number="6" type="jump" coverage="100%" />
                  </conditions>
                </line>
                <line number="61" hits="6" branch="False" />
                <line number="62" hits="6" branch="False" />
                <line number="63" hits="0" branch="False" />
                <line number="64" hits="6" branch="False" />
                <line number="72" hits="6" branch="False" />
                <line number="73" hits="6" branch="False" />
                <line number="74" hits="6" branch="False" />
                <line number="75" hits="6" branch="False" />
                <line number="76" hits="6" branch="False" />
                <line number="77" hits="6" branch="False" />
              </lines>
            </method>
          </methods>
          <lines>
            <line number="65" hits="0" branch="False" />
            <line number="66" hits="0" branch="True" condition-coverage="0% (0/2)">
              <conditions>
                <condition number="51" type="jump" coverage="0%" />
              </conditions>
            </line>
            <line number="67" hits="0" branch="False" />
            <line number="68" hits="0" branch="False" />
            <line number="69" hits="6" branch="False" />
            <line number="37" hits="6" branch="False" />
            <line number="38" hits="6" branch="False" />
            <line number="39" hits="6" branch="False" />
            <line number="40" hits="6" branch="False" />
            <line number="41" hits="6" branch="False" />
            <line number="42" hits="6" branch="True" condition-coverage="50% (1/2)">
              <conditions>
                <condition number="11" type="jump" coverage="50%" />
              </conditions>
            </line>
            <line number="43" hits="6" branch="True" condition-coverage="50% (1/2)">
              <conditions>
                <condition number="33" type="jump" coverage="50%" />
              </conditions>
            </line>
            <line number="44" hits="6" branch="True" condition-coverage="50% (2/4)">
              <conditions>
                <condition number="54" type="jump" coverage="50%" />
                <condition number="66" type="jump" coverage="50%" />
              </conditions>
            </line>
            <line number="47" hits="6" branch="True" condition-coverage="50% (1/2)">
              <conditions>
                <condition number="103" type="jump" coverage="50%" />
              </conditions>
            </line>
            <line number="48" hits="0" branch="False" />
            <line number="49" hits="0" branch="False" />
            <line number="50" hits="0" branch="False" />
            <line number="53" hits="6" branch="True" condition-coverage="100% (2/2)">
              <conditions>
                <condition number="148" type="jump" coverage="100%" />
              </conditions>
            </line>
            <line number="54" hits="6" branch="False" />
            <line number="55" hits="6" branch="False" />
            <line number="56" hits="6" branch="False" />
            <line number="59" hits="6" branch="False" />
            <line number="60" hits="5" branch="True" condition-coverage="100% (2/2)">
              <conditions>
                <condition number="6" type="jump" coverage="100%" />
              </conditions>
            </line>
            <line number="61" hits="6" branch="False" />
            <line number="62" hits="6" branch="False" />
            <line number="63" hits="0" branch="False" />
            <line number="64" hits="6" branch="False" />
            <line number="72" hits="6" branch="False" />
            <line number="73" hits="6" branch="False" />
            <line number="74" hits="6" branch="False" />
            <line number="75" hits="6" branch="False" />
            <line number="76" hits="6" branch="False" />
            <line number="77" hits="6" branch="False" />
          </lines>
        </class>
        <class name="Cerebras.Cloud.Sdk.CerebrasClient/&lt;&gt;c__DisplayClass6_1/&lt;&lt;GenerateCompletionAsync&gt;b__0&gt;d" filename="CerebrasClient.cs" line-rate="1" branch-rate="1" complexity="1">
          <methods>
            <method name="MoveNext" signature="()" line-rate="1" branch-rate="1" complexity="1">
              <lines>
                <line number="121" hits="2" branch="False" />
                <line number="122" hits="2" branch="False" />
                <line number="123" hits="2" branch="False" />
                <line number="124" hits="2" branch="False" />
                <line number="125" hits="2" branch="False" />
                <line number="126" hits="4" branch="False" />
              </lines>
            </method>
          </methods>
          <lines>
            <line number="121" hits="2" branch="False" />
            <line number="122" hits="2" branch="False" />
            <line number="123" hits="2" branch="False" />
            <line number="124" hits="2" branch="False" />
            <line number="125" hits="2" branch="False" />
            <line number="126" hits="4" branch="False" />
          </lines>
        </class>
        <class name="Cerebras.Cloud.Sdk.CerebrasClient/&lt;&gt;c__DisplayClass8_0/&lt;&lt;ListModelsAsync&gt;b__1&gt;d" filename="CerebrasClient.cs" line-rate="1" branch-rate="1" complexity="1">
          <methods>
            <method name="MoveNext" signature="()" line-rate="1" branch-rate="1" complexity="1">
              <lines>
                <line number="318" hits="3" branch="False" />
                <line number="319" hits="3" branch="False" />
                <line number="320" hits="3" branch="False" />
                <line number="321" hits="3" branch="False" />
                <line number="322" hits="6" branch="False" />
              </lines>
            </method>
          </methods>
          <lines>
            <line number="318" hits="3" branch="False" />
            <line number="319" hits="3" branch="False" />
            <line number="320" hits="3" branch="False" />
            <line number="321" hits="3" branch="False" />
            <line number="322" hits="6" branch="False" />
          </lines>
        </class>
        <class name="Cerebras.Cloud.Sdk.CerebrasClient/&lt;&gt;c__DisplayClass9_0" filename="CerebrasClient.cs" line-rate="1" branch-rate="1" complexity="1">
          <methods>
            <method name="&lt;GetModelAsync&gt;b__0" signature="(Cerebras.Cloud.Sdk.Model)" line-rate="1" branch-rate="1" complexity="1">
              <lines>
                <line number="383" hits="3" branch="False" />
              </lines>
            </method>
          </methods>
          <lines>
            <line number="383" hits="3" branch="False" />
          </lines>
        </class>
        <class name="Cerebras.Cloud.Sdk.CerebrasClient/&lt;GenerateCompletionAsync&gt;d__6" filename="CerebrasClient.cs" line-rate="0.7088" branch-rate="0.6071" complexity="28">
          <methods>
            <method name="MoveNext" signature="()" line-rate="0.7088" branch-rate="0.6071" complexity="28">
              <lines>
                <line number="83" hits="2" branch="False" />
                <line number="85" hits="2" branch="False" />
                <line number="86" hits="2" branch="False" />
                <line number="89" hits="2" branch="True" condition-coverage="50% (1/2)">
                  <conditions>
                    <condition number="191" type="jump" coverage="50%" />
                  </conditions>
                </line>
                <line number="90" hits="0" branch="False" />
                <line number="91" hits="0" branch="False" />
                <line number="94" hits="2" branch="True" condition-coverage="100% (4/4)">
                  <conditions>
                    <condition number="271" type="jump" coverage="100%" />
                    <condition number="318" type="jump" coverage="100%" />
                  </conditions>
                </line>
                <line number="95" hits="2" branch="False" />
                <line number="96" hits="2" branch="False" />
                <line number="97" hits="2" branch="False" />
                <line number="98" hits="2" branch="False" />
                <line number="99" hits="2" branch="False" />
                <line number="100" hits="2" branch="False" />
                <line number="101" hits="2" branch="False" />
                <line number="102" hits="2" branch="False" />
                <line number="103" hits="2" branch="False" />
                <line number="104" hits="2" branch="False" />
                <line number="105" hits="2" branch="False" />
                <line number="106" hits="2" branch="False" />
                <line number="107" hits="2" branch="False" />
                <line number="108" hits="2" branch="False" />
                <line number="109" hits="2" branch="False" />
                <line number="110" hits="2" branch="False" />
                <line number="113" hits="2" branch="True" condition-coverage="50% (1/2)">
                  <conditions>
                    <condition number="425" type="jump" coverage="50%" />
                  </conditions>
                </line>
                <line number="114" hits="0" branch="False" />
                <line number="115" hits="0" branch="False" />
                <line number="116" hits="0" branch="False" />
                <line number="117" hits="0" branch="False" />
                <line number="120" hits="2" branch="False" />
                <line number="128" hits="2" branch="True" condition-coverage="100% (2/2)">
                  <conditions>
                    <condition number="675" type="jump" coverage="100%" />
                  </conditions>
                </line>
                <line number="129" hits="1" branch="False" />
                <line number="130" hits="1" branch="False" />
                <line number="131" hits="1" branch="False" />
                <line number="132" hits="1" branch="False" />
                <line number="133" hits="1" branch="False" />
                <line number="134" hits="1" branch="False" />
                <line number="138" hits="1" branch="False" />
                <line number="139" hits="1" branch="False" />
                <line number="141" hits="1" branch="True" condition-coverage="50% (1/2)">
                  <conditions>
                    <condition number="1154" type="jump" coverage="50%" />
                  </conditions>
                </line>
                <line number="142" hits="0" branch="False" />
                <line number="143" hits="0" branch="False" />
                <line number="146" hits="1" branch="True" condition-coverage="50% (7/14)">
                  <conditions>
                    <condition number="1223" type="jump" coverage="50%" />
                    <condition number="1235" type="jump" coverage="50%" />
                    <condition number="1247" type="jump" coverage="50%" />
                    <condition number="1259" type="jump" coverage="50%" />
                    <condition number="1286" type="jump" coverage="50%" />
                    <condition number="1298" type="jump" coverage="50%" />
                    <condition number="1327" type="jump" coverage="50%" />
                  </conditions>
                </line>
                <line number="147" hits="1" branch="False" />
                <line number="148" hits="1" branch="False" />
                <line number="149" hits="1" branch="False" />
                <line number="150" hits="1" branch="False" />
                <line number="151" hits="1" branch="False" />
                <line number="152" hits="1" branch="False" />
                <line number="153" hits="1" branch="False" />
                <line number="154" hits="1" branch="False" />
                <line number="155" hits="1" branch="False" />
                <line number="156" hits="1" branch="False" />
                <line number="157" hits="1" branch="False" />
                <line number="158" hits="1" branch="False" />
                <line number="159" hits="1" branch="False" />
                <line number="160" hits="1" branch="False" />
                <line number="162" hits="1" branch="True" condition-coverage="50% (1/2)">
                  <conditions>
                    <condition number="1453" type="jump" coverage="50%" />
                  </conditions>
                </line>
                <line number="163" hits="1" branch="False" />
                <line number="164" hits="1" branch="False" />
                <line number="166" hits="1" branch="False" />
                <line number="168" hits="0" branch="False" />
                <line number="169" hits="0" branch="False" />
                <line number="170" hits="0" branch="False" />
                <line number="171" hits="0" branch="False" />
                <line number="173" hits="0" branch="False" />
                <line number="174" hits="0" branch="False" />
                <line number="175" hits="0" branch="False" />
                <line number="176" hits="0" branch="False" />
                <line number="178" hits="0" branch="False" />
                <line number="179" hits="0" branch="False" />
                <line number="180" hits="0" branch="False" />
                <line number="182" hits="1" branch="False" />
                <line number="183" hits="1" branch="False" />
                <line number="184" hits="1" branch="False" />
                <line number="186" hits="0" branch="False" />
                <line number="187" hits="0" branch="False" />
                <line number="188" hits="0" branch="False" />
                <line number="189" hits="0" branch="False" />
                <line number="191" hits="1" branch="False" />
              </lines>
            </method>
          </methods>
          <lines>
            <line number="83" hits="2" branch="False" />
            <line number="85" hits="2" branch="False" />
            <line number="86" hits="2" branch="False" />
            <line number="89" hits="2" branch="True" condition-coverage="50% (1/2)">
              <conditions>
                <condition number="191" type="jump" coverage="50%" />
              </conditions>
            </line>
            <line number="90" hits="0" branch="False" />
            <line number="91" hits="0" branch="False" />
            <line number="94" hits="2" branch="True" condition-coverage="100% (4/4)">
              <conditions>
                <condition number="271" type="jump" coverage="100%" />
                <condition number="318" type="jump" coverage="100%" />
              </conditions>
            </line>
            <line number="95" hits="2" branch="False" />
            <line number="96" hits="2" branch="False" />
            <line number="97" hits="2" branch="False" />
            <line number="98" hits="2" branch="False" />
            <line number="99" hits="2" branch="False" />
            <line number="100" hits="2" branch="False" />
            <line number="101" hits="2" branch="False" />
            <line number="102" hits="2" branch="False" />
            <line number="103" hits="2" branch="False" />
            <line number="104" hits="2" branch="False" />
            <line number="105" hits="2" branch="False" />
            <line number="106" hits="2" branch="False" />
            <line number="107" hits="2" branch="False" />
            <line number="108" hits="2" branch="False" />
            <line number="109" hits="2" branch="False" />
            <line number="110" hits="2" branch="False" />
            <line number="113" hits="2" branch="True" condition-coverage="50% (1/2)">
              <conditions>
                <condition number="425" type="jump" coverage="50%" />
              </conditions>
            </line>
            <line number="114" hits="0" branch="False" />
            <line number="115" hits="0" branch="False" />
            <line number="116" hits="0" branch="False" />
            <line number="117" hits="0" branch="False" />
            <line number="120" hits="2" branch="False" />
            <line number="128" hits="2" branch="True" condition-coverage="100% (2/2)">
              <conditions>
                <condition number="675" type="jump" coverage="100%" />
              </conditions>
            </line>
            <line number="129" hits="1" branch="False" />
            <line number="130" hits="1" branch="False" />
            <line number="131" hits="1" branch="False" />
            <line number="132" hits="1" branch="False" />
            <line number="133" hits="1" branch="False" />
            <line number="134" hits="1" branch="False" />
            <line number="138" hits="1" branch="False" />
            <line number="139" hits="1" branch="False" />
            <line number="141" hits="1" branch="True" condition-coverage="50% (1/2)">
              <conditions>
                <condition number="1154" type="jump" coverage="50%" />
              </conditions>
            </line>
            <line number="142" hits="0" branch="False" />
            <line number="143" hits="0" branch="False" />
            <line number="146" hits="1" branch="True" condition-coverage="50% (7/14)">
              <conditions>
                <condition number="1223" type="jump" coverage="50%" />
                <condition number="1235" type="jump" coverage="50%" />
                <condition number="1247" type="jump" coverage="50%" />
                <condition number="1259" type="jump" coverage="50%" />
                <condition number="1286" type="jump" coverage="50%" />
                <condition number="1298" type="jump" coverage="50%" />
                <condition number="1327" type="jump" coverage="50%" />
              </conditions>
            </line>
            <line number="147" hits="1" branch="False" />
            <line number="148" hits="1" branch="False" />
            <line number="149" hits="1" branch="False" />
            <line number="150" hits="1" branch="False" />
            <line number="151" hits="1" branch="False" />
            <line number="152" hits="1" branch="False" />
            <line number="153" hits="1" branch="False" />
            <line number="154" hits="1" branch="False" />
            <line number="155" hits="1" branch="False" />
            <line number="156" hits="1" branch="False" />
            <line number="157" hits="1" branch="False" />
            <line number="158" hits="1" branch="False" />
            <line number="159" hits="1" branch="False" />
            <line number="160" hits="1" branch="False" />
            <line number="162" hits="1" branch="True" condition-coverage="50% (1/2)">
              <conditions>
                <condition number="1453" type="jump" coverage="50%" />
              </conditions>
            </line>
            <line number="163" hits="1" branch="False" />
            <line number="164" hits="1" branch="False" />
            <line number="166" hits="1" branch="False" />
            <line number="168" hits="0" branch="False" />
            <line number="169" hits="0" branch="False" />
            <line number="170" hits="0" branch="False" />
            <line number="171" hits="0" branch="False" />
            <line number="173" hits="0" branch="False" />
            <line number="174" hits="0" branch="False" />
            <line number="175" hits="0" branch="False" />
            <line number="176" hits="0" branch="False" />
            <line number="178" hits="0" branch="False" />
            <line number="179" hits="0" branch="False" />
            <line number="180" hits="0" branch="False" />
            <line number="182" hits="1" branch="False" />
            <line number="183" hits="1" branch="False" />
            <line number="184" hits="1" branch="False" />
            <line number="186" hits="0" branch="False" />
            <line number="187" hits="0" branch="False" />
            <line number="188" hits="0" branch="False" />
            <line number="189" hits="0" branch="False" />
            <line number="191" hits="1" branch="False" />
          </lines>
        </class>
        <class name="Cerebras.Cloud.Sdk.CerebrasClient/&lt;GenerateCompletionStreamAsync&gt;d__7" filename="CerebrasClient.cs" line-rate="0.8625" branch-rate="0.6562" complexity="32">
          <methods>
            <method name="MoveNext" signature="()" line-rate="0.8625" branch-rate="0.6562" complexity="32">
              <lines>
                <line number="197" hits="1" branch="False" />
                <line number="198" hits="1" branch="False" />
                <line number="201" hits="1" branch="True" condition-coverage="50% (1/2)">
                  <conditions>
                    <condition number="149" type="jump" coverage="50%" />
                  </conditions>
                </line>
                <line number="202" hits="0" branch="False" />
                <line number="203" hits="0" branch="False" />
                <line number="207" hits="1" branch="False" />
                <line number="208" hits="1" branch="False" />
                <line number="210" hits="1" branch="True" condition-coverage="50% (2/4)">
                  <conditions>
                    <condition number="293" type="jump" coverage="50%" />
                    <condition number="339" type="jump" coverage="50%" />
                  </conditions>
                </line>
                <line number="211" hits="1" branch="False" />
                <line number="212" hits="1" branch="False" />
                <line number="213" hits="1" branch="False" />
                <line number="214" hits="1" branch="False" />
                <line number="215" hits="1" branch="False" />
                <line number="216" hits="1" branch="False" />
                <line number="217" hits="1" branch="False" />
                <line number="218" hits="1" branch="False" />
                <line number="219" hits="1" branch="False" />
                <line number="220" hits="1" branch="False" />
                <line number="221" hits="1" branch="False" />
                <line number="222" hits="1" branch="False" />
                <line number="223" hits="1" branch="False" />
                <line number="224" hits="1" branch="False" />
                <line number="225" hits="1" branch="False" />
                <line number="226" hits="1" branch="False" />
                <line number="228" hits="1" branch="False" />
                <line number="230" hits="1" branch="False" />
                <line number="232" hits="1" branch="False" />
                <line number="233" hits="1" branch="False" />
                <line number="234" hits="1" branch="False" />
                <line number="235" hits="1" branch="False" />
                <line number="236" hits="1" branch="False" />
                <line number="238" hits="1" branch="True" condition-coverage="50% (1/2)">
                  <conditions>
                    <condition number="704" type="jump" coverage="50%" />
                  </conditions>
                </line>
                <line number="239" hits="0" branch="False" />
                <line number="240" hits="0" branch="False" />
                <line number="241" hits="0" branch="False" />
                <line number="245" hits="1" branch="True" condition-coverage="100% (2/2)">
                  <conditions>
                    <condition number="1103" type="jump" coverage="100%" />
                  </conditions>
                </line>
                <line number="246" hits="1" branch="False" />
                <line number="248" hits="5" branch="True" condition-coverage="75% (3/4)">
                  <conditions>
                    <condition number="1829" type="jump" coverage="100%" />
                    <condition number="1806" type="jump" coverage="50%" />
                  </conditions>
                </line>
                <line number="249" hits="5" branch="False" />
                <line number="250" hits="5" branch="False" />
                <line number="251" hits="5" branch="True" condition-coverage="100% (2/2)">
                  <conditions>
                    <condition number="1332" type="jump" coverage="100%" />
                  </conditions>
                </line>
                <line number="252" hits="2" branch="False" />
                <line number="253" hits="2" branch="False" />
                <line number="256" hits="3" branch="True" condition-coverage="50% (1/2)">
                  <conditions>
                    <condition number="1363" type="jump" coverage="50%" />
                  </conditions>
                </line>
                <line number="257" hits="0" branch="False" />
                <line number="258" hits="0" branch="False" />
                <line number="261" hits="3" branch="False" />
                <line number="262" hits="3" branch="True" condition-coverage="100% (2/2)">
                  <conditions>
                    <condition number="1409" type="jump" coverage="100%" />
                  </conditions>
                </line>
                <line number="263" hits="1" branch="False" />
                <line number="264" hits="1" branch="False" />
                <line number="265" hits="1" branch="False" />
                <line number="266" hits="1" branch="False" />
                <line number="267" hits="1" branch="False" />
                <line number="268" hits="1" branch="False" />
                <line number="269" hits="1" branch="False" />
                <line number="270" hits="1" branch="False" />
                <line number="273" hits="2" branch="False" />
                <line number="275" hits="2" branch="False" />
                <line number="276" hits="2" branch="False" />
                <line number="277" hits="2" branch="False" />
                <line number="278" hits="0" branch="False" />
                <line number="279" hits="0" branch="False" />
                <line number="280" hits="0" branch="False" />
                <line number="281" hits="0" branch="False" />
                <line number="284" hits="2" branch="True" condition-coverage="50% (2/4)">
                  <conditions>
                    <condition number="1603" type="jump" coverage="50%" />
                    <condition number="1615" type="jump" coverage="50%" />
                  </conditions>
                </line>
                <line number="285" hits="2" branch="True" condition-coverage="66.66% (4/6)">
                  <conditions>
                    <condition number="1638" type="jump" coverage="50%" />
                    <condition number="1650" type="jump" coverage="50%" />
                    <condition number="1668" type="jump" coverage="100%" />
                  </conditions>
                </line>
                <line number="286" hits="2" branch="False" />
                <line number="287" hits="2" branch="False" />
                <line number="288" hits="2" branch="False" />
                <line number="289" hits="2" branch="False" />
                <line number="290" hits="2" branch="False" />
                <line number="291" hits="2" branch="False" />
                <line number="292" hits="2" branch="False" />
                <line number="293" hits="2" branch="False" />
                <line number="294" hits="2" branch="False" />
                <line number="295" hits="1" branch="False" />
                <line number="297" hits="1" branch="False" />
                <line number="298" hits="1" branch="True" condition-coverage="50% (1/2)">
                  <conditions>
                    <condition number="1937" type="jump" coverage="50%" />
                  </conditions>
                </line>
                <line number="299" hits="1" branch="False" />
                <line number="300" hits="1" branch="False" />
              </lines>
            </method>
          </methods>
          <lines>
            <line number="197" hits="1" branch="False" />
            <line number="198" hits="1" branch="False" />
            <line number="201" hits="1" branch="True" condition-coverage="50% (1/2)">
              <conditions>
                <condition number="149" type="jump" coverage="50%" />
              </conditions>
            </line>
            <line number="202" hits="0" branch="False" />
            <line number="203" hits="0" branch="False" />
            <line number="207" hits="1" branch="False" />
            <line number="208" hits="1" branch="False" />
            <line number="210" hits="1" branch="True" condition-coverage="50% (2/4)">
              <conditions>
                <condition number="293" type="jump" coverage="50%" />
                <condition number="339" type="jump" coverage="50%" />
              </conditions>
            </line>
            <line number="211" hits="1" branch="False" />
            <line number="212" hits="1" branch="False" />
            <line number="213" hits="1" branch="False" />
            <line number="214" hits="1" branch="False" />
            <line number="215" hits="1" branch="False" />
            <line number="216" hits="1" branch="False" />
            <line number="217" hits="1" branch="False" />
            <line number="218" hits="1" branch="False" />
            <line number="219" hits="1" branch="False" />
            <line number="220" hits="1" branch="False" />
            <line number="221" hits="1" branch="False" />
            <line number="222" hits="1" branch="False" />
            <line number="223" hits="1" branch="False" />
            <line number="224" hits="1" branch="False" />
            <line number="225" hits="1" branch="False" />
            <line number="226" hits="1" branch="False" />
            <line number="228" hits="1" branch="False" />
            <line number="230" hits="1" branch="False" />
            <line number="232" hits="1" branch="False" />
            <line number="233" hits="1" branch="False" />
            <line number="234" hits="1" branch="False" />
            <line number="235" hits="1" branch="False" />
            <line number="236" hits="1" branch="False" />
            <line number="238" hits="1" branch="True" condition-coverage="50% (1/2)">
              <conditions>
                <condition number="704" type="jump" coverage="50%" />
              </conditions>
            </line>
            <line number="239" hits="0" branch="False" />
            <line number="240" hits="0" branch="False" />
            <line number="241" hits="0" branch="False" />
            <line number="245" hits="1" branch="True" condition-coverage="100% (2/2)">
              <conditions>
                <condition number="1103" type="jump" coverage="100%" />
              </conditions>
            </line>
            <line number="246" hits="1" branch="False" />
            <line number="248" hits="5" branch="True" condition-coverage="75% (3/4)">
              <conditions>
                <condition number="1829" type="jump" coverage="100%" />
                <condition number="1806" type="jump" coverage="50%" />
              </conditions>
            </line>
            <line number="249" hits="5" branch="False" />
            <line number="250" hits="5" branch="False" />
            <line number="251" hits="5" branch="True" condition-coverage="100% (2/2)">
              <conditions>
                <condition number="1332" type="jump" coverage="100%" />
              </conditions>
            </line>
            <line number="252" hits="2" branch="False" />
            <line number="253" hits="2" branch="False" />
            <line number="256" hits="3" branch="True" condition-coverage="50% (1/2)">
              <conditions>
                <condition number="1363" type="jump" coverage="50%" />
              </conditions>
            </line>
            <line number="257" hits="0" branch="False" />
            <line number="258" hits="0" branch="False" />
            <line number="261" hits="3" branch="False" />
            <line number="262" hits="3" branch="True" condition-coverage="100% (2/2)">
              <conditions>
                <condition number="1409" type="jump" coverage="100%" />
              </conditions>
            </line>
            <line number="263" hits="1" branch="False" />
            <line number="264" hits="1" branch="False" />
            <line number="265" hits="1" branch="False" />
            <line number="266" hits="1" branch="False" />
            <line number="267" hits="1" branch="False" />
            <line number="268" hits="1" branch="False" />
            <line number="269" hits="1" branch="False" />
            <line number="270" hits="1" branch="False" />
            <line number="273" hits="2" branch="False" />
            <line number="275" hits="2" branch="False" />
            <line number="276" hits="2" branch="False" />
            <line number="277" hits="2" branch="False" />
            <line number="278" hits="0" branch="False" />
            <line number="279" hits="0" branch="False" />
            <line number="280" hits="0" branch="False" />
            <line number="281" hits="0" branch="False" />
            <line number="284" hits="2" branch="True" condition-coverage="50% (2/4)">
              <conditions>
                <condition number="1603" type="jump" coverage="50%" />
                <condition number="1615" type="jump" coverage="50%" />
              </conditions>
            </line>
            <line number="285" hits="2" branch="True" condition-coverage="66.66% (4/6)">
              <conditions>
                <condition number="1638" type="jump" coverage="50%" />
                <condition number="1650" type="jump" coverage="50%" />
                <condition number="1668" type="jump" coverage="100%" />
              </conditions>
            </line>
            <line number="286" hits="2" branch="False" />
            <line number="287" hits="2" branch="False" />
            <line number="288" hits="2" branch="False" />
            <line number="289" hits="2" branch="False" />
            <line number="290" hits="2" branch="False" />
            <line number="291" hits="2" branch="False" />
            <line number="292" hits="2" branch="False" />
            <line number="293" hits="2" branch="False" />
            <line number="294" hits="2" branch="False" />
            <line number="295" hits="1" branch="False" />
            <line number="297" hits="1" branch="False" />
            <line number="298" hits="1" branch="True" condition-coverage="50% (1/2)">
              <conditions>
                <condition number="1937" type="jump" coverage="50%" />
              </conditions>
            </line>
            <line number="299" hits="1" branch="False" />
            <line number="300" hits="1" branch="False" />
          </lines>
        </class>
        <class name="Cerebras.Cloud.Sdk.CerebrasClient/&lt;GetModelAsync&gt;d__9" filename="CerebrasClient.cs" line-rate="0.6842" branch-rate="0.75" complexity="4">
          <methods>
            <method name="MoveNext" signature="()" line-rate="0.6842" branch-rate="0.75" complexity="4">
              <lines>
                <line number="369" hits="2" branch="False" />
                <line number="370" hits="2" branch="True" condition-coverage="50% (1/2)">
                  <conditions>
                    <condition number="61" type="jump" coverage="50%" />
                  </conditions>
                </line>
                <line number="371" hits="0" branch="False" />
                <line number="372" hits="0" branch="False" />
                <line number="376" hits="2" branch="False" />
                <line number="377" hits="2" branch="False" />
                <line number="381" hits="2" branch="False" />
                <line number="384" hits="2" branch="True" condition-coverage="100% (2/2)">
                  <conditions>
                    <condition number="313" type="jump" coverage="100%" />
                  </conditions>
                </line>
                <line number="385" hits="1" branch="False" />
                <line number="386" hits="1" branch="False" />
                <line number="389" hits="1" branch="False" />
                <line number="391" hits="1" branch="False" />
                <line number="392" hits="1" branch="False" />
                <line number="393" hits="1" branch="False" />
                <line number="395" hits="0" branch="False" />
                <line number="396" hits="0" branch="False" />
                <line number="397" hits="0" branch="False" />
                <line number="398" hits="0" branch="False" />
                <line number="400" hits="1" branch="False" />
              </lines>
            </method>
          </methods>
          <lines>
            <line number="369" hits="2" branch="False" />
            <line number="370" hits="2" branch="True" condition-coverage="50% (1/2)">
              <conditions>
                <condition number="61" type="jump" coverage="50%" />
              </conditions>
            </line>
            <line number="371" hits="0" branch="False" />
            <line number="372" hits="0" branch="False" />
            <line number="376" hits="2" branch="False" />
            <line number="377" hits="2" branch="False" />
            <line number="381" hits="2" branch="False" />
            <line number="384" hits="2" branch="True" condition-coverage="100% (2/2)">
              <conditions>
                <condition number="313" type="jump" coverage="100%" />
              </conditions>
            </line>
            <line number="385" hits="1" branch="False" />
            <line number="386" hits="1" branch="False" />
            <line number="389" hits="1" branch="False" />
            <line number="391" hits="1" branch="False" />
            <line number="392" hits="1" branch="False" />
            <line number="393" hits="1" branch="False" />
            <line number="395" hits="0" branch="False" />
            <line number="396" hits="0" branch="False" />
            <line number="397" hits="0" branch="False" />
            <line number="398" hits="0" branch="False" />
            <line number="400" hits="1" branch="False" />
          </lines>
        </class>
        <class name="Cerebras.Cloud.Sdk.CerebrasClient/&lt;ListModelsAsync&gt;d__8" filename="CerebrasClient.cs" line-rate="0.41369999999999996" branch-rate="0.5" complexity="8">
          <methods>
            <method name="MoveNext" signature="()" line-rate="0.41369999999999996" branch-rate="0.5" complexity="8">
              <lines>
                <line number="305" hits="3" branch="False" />
                <line number="307" hits="3" branch="False" />
                <line number="308" hits="3" branch="False" />
                <line number="311" hits="3" branch="True" condition-coverage="50% (1/2)">
                  <conditions>
                    <condition number="148" type="jump" coverage="50%" />
                  </conditions>
                </line>
                <line number="312" hits="0" branch="False" />
                <line number="313" hits="0" branch="False" />
                <line number="317" hits="3" branch="False" />
                <line number="324" hits="3" branch="True" condition-coverage="50% (1/2)">
                  <conditions>
                    <condition number="328" type="jump" coverage="50%" />
                  </conditions>
                </line>
                <line number="325" hits="0" branch="False" />
                <line number="326" hits="0" branch="False" />
                <line number="327" hits="0" branch="False" />
                <line number="328" hits="0" branch="False" />
                <line number="329" hits="0" branch="False" />
                <line number="330" hits="0" branch="False" />
                <line number="334" hits="3" branch="False" />
                <line number="335" hits="3" branch="False" />
                <line number="337" hits="3" branch="True" condition-coverage="50% (2/4)">
                  <conditions>
                    <condition number="791" type="jump" coverage="50%" />
                    <condition number="809" type="jump" coverage="50%" />
                  </conditions>
                </line>
                <line number="338" hits="0" branch="False" />
                <line number="339" hits="0" branch="False" />
                <line number="351" hits="3" branch="False" />
                <line number="352" hits="3" branch="False" />
                <line number="354" hits="0" branch="False" />
                <line number="355" hits="0" branch="False" />
                <line number="356" hits="0" branch="False" />
                <line number="358" hits="0" branch="False" />
                <line number="359" hits="0" branch="False" />
                <line number="360" hits="0" branch="False" />
                <line number="361" hits="0" branch="False" />
                <line number="363" hits="3" branch="False" />
              </lines>
            </method>
          </methods>
          <lines>
            <line number="305" hits="3" branch="False" />
            <line number="307" hits="3" branch="False" />
            <line number="308" hits="3" branch="False" />
            <line number="311" hits="3" branch="True" condition-coverage="50% (1/2)">
              <conditions>
                <condition number="148" type="jump" coverage="50%" />
              </conditions>
            </line>
            <line number="312" hits="0" branch="False" />
            <line number="313" hits="0" branch="False" />
            <line number="317" hits="3" branch="False" />
            <line number="324" hits="3" branch="True" condition-coverage="50% (1/2)">
              <conditions>
                <condition number="328" type="jump" coverage="50%" />
              </conditions>
            </line>
            <line number="325" hits="0" branch="False" />
            <line number="326" hits="0" branch="False" />
            <line number="327" hits="0" branch="False" />
            <line number="328" hits="0" branch="False" />
            <line number="329" hits="0" branch="False" />
            <line number="330" hits="0" branch="False" />
            <line number="334" hits="3" branch="False" />
            <line number="335" hits="3" branch="False" />
            <line number="337" hits="3" branch="True" condition-coverage="50% (2/4)">
              <conditions>
                <condition number="791" type="jump" coverage="50%" />
                <condition number="809" type="jump" coverage="50%" />
              </conditions>
            </line>
            <line number="338" hits="0" branch="False" />
            <line number="339" hits="0" branch="False" />
            <line number="351" hits="3" branch="False" />
            <line number="352" hits="3" branch="False" />
            <line number="354" hits="0" branch="False" />
            <line number="355" hits="0" branch="False" />
            <line number="356" hits="0" branch="False" />
            <line number="358" hits="0" branch="False" />
            <line number="359" hits="0" branch="False" />
            <line number="360" hits="0" branch="False" />
            <line number="361" hits="0" branch="False" />
            <line number="363" hits="3" branch="False" />
          </lines>
        </class>
        <class name="Cerebras.Cloud.Sdk.CerebrasClientV2" filename="CerebrasClientV2.cs" line-rate="0" branch-rate="0" complexity="18">
          <methods>
            <method name="get_Chat" signature="()" line-rate="0" branch-rate="1" complexity="1">
              <lines>
                <line number="27" hits="0" branch="False" />
              </lines>
            </method>
            <method name="get_Completions" signature="()" line-rate="0" branch-rate="1" complexity="1">
              <lines>
                <line number="30" hits="0" branch="False" />
              </lines>
            </method>
            <method name="CreateChatCompletionStreamAsync" signature="(Cerebras.Cloud.Sdk.Chat.ChatCompletionRequest,System.Threading.CancellationToken)" line-rate="0" branch-rate="1" complexity="1">
              <lines>
                <line number="67" hits="0" branch="False" />
                <line number="68" hits="0" branch="False" />
                <line number="69" hits="0" branch="False" />
              </lines>
            </method>
            <method name="CreateTextCompletionStreamAsync" signature="(Cerebras.Cloud.Sdk.Completions.TextCompletionRequest,System.Threading.CancellationToken)" line-rate="0" branch-rate="1" complexity="1">
              <lines>
                <line number="83" hits="0" branch="False" />
                <line number="84" hits="0" branch="False" />
                <line number="85" hits="0" branch="False" />
              </lines>
            </method>
            <method name=".ctor" signature="(Cerebras.Cloud.Sdk.Chat.IChatCompletionService,Cerebras.Cloud.Sdk.Completions.ICompletionService,Cerebras.Cloud.Sdk.Models.IModelsService,Microsoft.Extensions.Logging.ILogger`1&lt;Cerebras.Cloud.Sdk.CerebrasClientV2&gt;,Microsoft.Extensions.Options.IOptions`1&lt;Cerebras.Cloud.Sdk.Configuration.CerebrasClientOptions&gt;)" line-rate="0" branch-rate="0" complexity="14">
              <lines>
                <line number="35" hits="0" branch="False" />
                <line number="36" hits="0" branch="False" />
                <line number="37" hits="0" branch="False" />
                <line number="38" hits="0" branch="False" />
                <line number="39" hits="0" branch="False" />
                <line number="40" hits="0" branch="False" />
                <line number="41" hits="0" branch="False" />
                <line number="42" hits="0" branch="True" condition-coverage="0% (0/2)">
                  <conditions>
                    <condition number="11" type="jump" coverage="0%" />
                  </conditions>
                </line>
                <line number="43" hits="0" branch="True" condition-coverage="0% (0/2)">
                  <conditions>
                    <condition number="33" type="jump" coverage="0%" />
                  </conditions>
                </line>
                <line number="44" hits="0" branch="True" condition-coverage="0% (0/2)">
                  <conditions>
                    <condition number="55" type="jump" coverage="0%" />
                  </conditions>
                </line>
                <line number="45" hits="0" branch="True" condition-coverage="0% (0/2)">
                  <conditions>
                    <condition number="78" type="jump" coverage="0%" />
                  </conditions>
                </line>
                <line number="46" hits="0" branch="True" condition-coverage="0% (0/4)">
                  <conditions>
                    <condition number="100" type="jump" coverage="0%" />
                    <condition number="113" type="jump" coverage="0%" />
                  </conditions>
                </line>
                <line number="49" hits="0" branch="True" condition-coverage="0% (0/2)">
                  <conditions>
                    <condition number="150" type="jump" coverage="0%" />
                  </conditions>
                </line>
                <line number="50" hits="0" branch="False" />
                <line number="51" hits="0" branch="False" />
                <line number="52" hits="0" branch="False" />
                <line number="53" hits="0" branch="False" />
              </lines>
            </method>
          </methods>
          <lines>
            <line number="27" hits="0" branch="False" />
            <line number="30" hits="0" branch="False" />
            <line number="67" hits="0" branch="False" />
            <line number="68" hits="0" branch="False" />
            <line number="69" hits="0" branch="False" />
            <line number="83" hits="0" branch="False" />
            <line number="84" hits="0" branch="False" />
            <line number="85" hits="0" branch="False" />
            <line number="35" hits="0" branch="False" />
            <line number="36" hits="0" branch="False" />
            <line number="37" hits="0" branch="False" />
            <line number="38" hits="0" branch="False" />
            <line number="39" hits="0" branch="False" />
            <line number="40" hits="0" branch="False" />
            <line number="41" hits="0" branch="False" />
            <line number="42" hits="0" branch="True" condition-coverage="0% (0/2)">
              <conditions>
                <condition number="11" type="jump" coverage="0%" />
              </conditions>
            </line>
            <line number="43" hits="0" branch="True" condition-coverage="0% (0/2)">
              <conditions>
                <condition number="33" type="jump" coverage="0%" />
              </conditions>
            </line>
            <line number="44" hits="0" branch="True" condition-coverage="0% (0/2)">
              <conditions>
                <condition number="55" type="jump" coverage="0%" />
              </conditions>
            </line>
            <line number="45" hits="0" branch="True" condition-coverage="0% (0/2)">
              <conditions>
                <condition number="78" type="jump" coverage="0%" />
              </conditions>
            </line>
            <line number="46" hits="0" branch="True" condition-coverage="0% (0/4)">
              <conditions>
                <condition number="100" type="jump" coverage="0%" />
                <condition number="113" type="jump" coverage="0%" />
              </conditions>
            </line>
            <line number="49" hits="0" branch="True" condition-coverage="0% (0/2)">
              <conditions>
                <condition number="150" type="jump" coverage="0%" />
              </conditions>
            </line>
            <line number="50" hits="0" branch="False" />
            <line number="51" hits="0" branch="False" />
            <line number="52" hits="0" branch="False" />
            <line number="53" hits="0" branch="False" />
          </lines>
        </class>
        <class name="Cerebras.Cloud.Sdk.CerebrasClientV2/&lt;CreateChatCompletionAsync&gt;d__10" filename="CerebrasClientV2.cs" line-rate="0" branch-rate="1" complexity="1">
          <methods>
            <method name="MoveNext" signature="()" line-rate="0" branch-rate="1" complexity="1">
              <lines>
                <line number="59" hits="0" branch="False" />
                <line number="60" hits="0" branch="False" />
                <line number="61" hits="0" branch="False" />
              </lines>
            </method>
          </methods>
          <lines>
            <line number="59" hits="0" branch="False" />
            <line number="60" hits="0" branch="False" />
            <line number="61" hits="0" branch="False" />
          </lines>
        </class>
        <class name="Cerebras.Cloud.Sdk.CerebrasClientV2/&lt;CreateTextCompletionAsync&gt;d__12" filename="CerebrasClientV2.cs" line-rate="0" branch-rate="1" complexity="1">
          <methods>
            <method name="MoveNext" signature="()" line-rate="0" branch-rate="1" complexity="1">
              <lines>
                <line number="75" hits="0" branch="False" />
                <line number="76" hits="0" branch="False" />
                <line number="77" hits="0" branch="False" />
              </lines>
            </method>
          </methods>
          <lines>
            <line number="75" hits="0" branch="False" />
            <line number="76" hits="0" branch="False" />
            <line number="77" hits="0" branch="False" />
          </lines>
        </class>
        <class name="Cerebras.Cloud.Sdk.CerebrasClientV2/&lt;GenerateCompletionAsync&gt;d__14" filename="CerebrasClientV2.cs" line-rate="0" branch-rate="0" complexity="8">
          <methods>
            <method name="MoveNext" signature="()" line-rate="0" branch-rate="0" complexity="8">
              <lines>
                <line number="91" hits="0" branch="False" />
                <line number="93" hits="0" branch="False" />
                <line number="94" hits="0" branch="False" />
                <line number="95" hits="0" branch="False" />
                <line number="96" hits="0" branch="False" />
                <line number="97" hits="0" branch="False" />
                <line number="98" hits="0" branch="False" />
                <line number="99" hits="0" branch="False" />
                <line number="100" hits="0" branch="False" />
                <line number="101" hits="0" branch="False" />
                <line number="102" hits="0" branch="False" />
                <line number="103" hits="0" branch="False" />
                <line number="104" hits="0" branch="False" />
                <line number="105" hits="0" branch="False" />
                <line number="106" hits="0" branch="False" />
                <line number="107" hits="0" branch="False" />
                <line number="108" hits="0" branch="False" />
                <line number="109" hits="0" branch="False" />
                <line number="111" hits="0" branch="False" />
                <line number="113" hits="0" branch="True" condition-coverage="0% (0/8)">
                  <conditions>
                    <condition number="377" type="jump" coverage="0%" />
                    <condition number="389" type="jump" coverage="0%" />
                    <condition number="401" type="jump" coverage="0%" />
                    <condition number="433" type="jump" coverage="0%" />
                  </conditions>
                </line>
                <line number="114" hits="0" branch="False" />
                <line number="115" hits="0" branch="False" />
                <line number="116" hits="0" branch="False" />
                <line number="117" hits="0" branch="False" />
                <line number="118" hits="0" branch="False" />
                <line number="119" hits="0" branch="False" />
                <line number="120" hits="0" branch="False" />
                <line number="121" hits="0" branch="False" />
                <line number="122" hits="0" branch="False" />
              </lines>
            </method>
          </methods>
          <lines>
            <line number="91" hits="0" branch="False" />
            <line number="93" hits="0" branch="False" />
            <line number="94" hits="0" branch="False" />
            <line number="95" hits="0" branch="False" />
            <line number="96" hits="0" branch="False" />
            <line number="97" hits="0" branch="False" />
            <line number="98" hits="0" branch="False" />
            <line number="99" hits="0" branch="False" />
            <line number="100" hits="0" branch="False" />
            <line number="101" hits="0" branch="False" />
            <line number="102" hits="0" branch="False" />
            <line number="103" hits="0" branch="False" />
            <line number="104" hits="0" branch="False" />
            <line number="105" hits="0" branch="False" />
            <line number="106" hits="0" branch="False" />
            <line number="107" hits="0" branch="False" />
            <line number="108" hits="0" branch="False" />
            <line number="109" hits="0" branch="False" />
            <line number="111" hits="0" branch="False" />
            <line number="113" hits="0" branch="True" condition-coverage="0% (0/8)">
              <conditions>
                <condition number="377" type="jump" coverage="0%" />
                <condition number="389" type="jump" coverage="0%" />
                <condition number="401" type="jump" coverage="0%" />
                <condition number="433" type="jump" coverage="0%" />
              </conditions>
            </line>
            <line number="114" hits="0" branch="False" />
            <line number="115" hits="0" branch="False" />
            <line number="116" hits="0" branch="False" />
            <line number="117" hits="0" branch="False" />
            <line number="118" hits="0" branch="False" />
            <line number="119" hits="0" branch="False" />
            <line number="120" hits="0" branch="False" />
            <line number="121" hits="0" branch="False" />
            <line number="122" hits="0" branch="False" />
          </lines>
        </class>
        <class name="Cerebras.Cloud.Sdk.CerebrasClientV2/&lt;GenerateCompletionStreamAsync&gt;d__15" filename="CerebrasClientV2.cs" line-rate="0" branch-rate="0" complexity="8">
          <methods>
            <method name="MoveNext" signature="()" line-rate="0" branch-rate="0" complexity="8">
              <lines>
                <line number="128" hits="0" branch="False" />
                <line number="130" hits="0" branch="False" />
                <line number="131" hits="0" branch="False" />
                <line number="132" hits="0" branch="False" />
                <line number="133" hits="0" branch="False" />
                <line number="134" hits="0" branch="False" />
                <line number="135" hits="0" branch="False" />
                <line number="136" hits="0" branch="False" />
                <line number="137" hits="0" branch="False" />
                <line number="138" hits="0" branch="False" />
                <line number="139" hits="0" branch="False" />
                <line number="140" hits="0" branch="False" />
                <line number="141" hits="0" branch="False" />
                <line number="142" hits="0" branch="False" />
                <line number="143" hits="0" branch="False" />
                <line number="144" hits="0" branch="False" />
                <line number="145" hits="0" branch="False" />
                <line number="146" hits="0" branch="False" />
                <line number="148" hits="0" branch="True" condition-coverage="0% (0/2)">
                  <conditions>
                    <condition number="652" type="jump" coverage="0%" />
                  </conditions>
                </line>
                <line number="149" hits="0" branch="False" />
                <line number="150" hits="0" branch="False" />
                <line number="151" hits="0" branch="True" condition-coverage="0% (0/2)">
                  <conditions>
                    <condition number="380" type="jump" coverage="0%" />
                  </conditions>
                </line>
                <line number="152" hits="0" branch="False" />
                <line number="153" hits="0" branch="True" condition-coverage="0% (0/4)">
                  <conditions>
                    <condition number="405" type="jump" coverage="0%" />
                    <condition number="417" type="jump" coverage="0%" />
                  </conditions>
                </line>
                <line number="154" hits="0" branch="False" />
                <line number="155" hits="0" branch="False" />
                <line number="156" hits="0" branch="False" />
                <line number="157" hits="0" branch="False" />
                <line number="158" hits="0" branch="False" />
                <line number="159" hits="0" branch="False" />
                <line number="160" hits="0" branch="False" />
                <line number="161" hits="0" branch="False" />
              </lines>
            </method>
          </methods>
          <lines>
            <line number="128" hits="0" branch="False" />
            <line number="130" hits="0" branch="False" />
            <line number="131" hits="0" branch="False" />
            <line number="132" hits="0" branch="False" />
            <line number="133" hits="0" branch="False" />
            <line number="134" hits="0" branch="False" />
            <line number="135" hits="0" branch="False" />
            <line number="136" hits="0" branch="False" />
            <line number="137" hits="0" branch="False" />
            <line number="138" hits="0" branch="False" />
            <line number="139" hits="0" branch="False" />
            <line number="140" hits="0" branch="False" />
            <line number="141" hits="0" branch="False" />
            <line number="142" hits="0" branch="False" />
            <line number="143" hits="0" branch="False" />
            <line number="144" hits="0" branch="False" />
            <line number="145" hits="0" branch="False" />
            <line number="146" hits="0" branch="False" />
            <line number="148" hits="0" branch="True" condition-coverage="0% (0/2)">
              <conditions>
                <condition number="652" type="jump" coverage="0%" />
              </conditions>
            </line>
            <line number="149" hits="0" branch="False" />
            <line number="150" hits="0" branch="False" />
            <line number="151" hits="0" branch="True" condition-coverage="0% (0/2)">
              <conditions>
                <condition number="380" type="jump" coverage="0%" />
              </conditions>
            </line>
            <line number="152" hits="0" branch="False" />
            <line number="153" hits="0" branch="True" condition-coverage="0% (0/4)">
              <conditions>
                <condition number="405" type="jump" coverage="0%" />
                <condition number="417" type="jump" coverage="0%" />
              </conditions>
            </line>
            <line number="154" hits="0" branch="False" />
            <line number="155" hits="0" branch="False" />
            <line number="156" hits="0" branch="False" />
            <line number="157" hits="0" branch="False" />
            <line number="158" hits="0" branch="False" />
            <line number="159" hits="0" branch="False" />
            <line number="160" hits="0" branch="False" />
            <line number="161" hits="0" branch="False" />
          </lines>
        </class>
        <class name="Cerebras.Cloud.Sdk.CerebrasClientV2/&lt;GetModelAsync&gt;d__17" filename="CerebrasClientV2.cs" line-rate="0" branch-rate="1" complexity="1">
          <methods>
            <method name="MoveNext" signature="()" line-rate="0" branch-rate="1" complexity="1">
              <lines>
                <line number="174" hits="0" branch="False" />
                <line number="175" hits="0" branch="False" />
                <line number="176" hits="0" branch="False" />
              </lines>
            </method>
          </methods>
          <lines>
            <line number="174" hits="0" branch="False" />
            <line number="175" hits="0" branch="False" />
            <line number="176" hits="0" branch="False" />
          </lines>
        </class>
        <class name="Cerebras.Cloud.Sdk.CerebrasClientV2/&lt;ListModelsAsync&gt;d__16" filename="CerebrasClientV2.cs" line-rate="0" branch-rate="1" complexity="1">
          <methods>
            <method name="MoveNext" signature="()" line-rate="0" branch-rate="1" complexity="1">
              <lines>
                <line number="166" hits="0" branch="False" />
                <line number="167" hits="0" branch="False" />
                <line number="168" hits="0" branch="False" />
              </lines>
            </method>
          </methods>
          <lines>
            <line number="166" hits="0" branch="False" />
            <line number="167" hits="0" branch="False" />
            <line number="168" hits="0" branch="False" />
          </lines>
        </class>
        <class name="Cerebras.Cloud.Sdk.CompletionRequest" filename="ICerebrasClient.cs" line-rate="0.875" branch-rate="1" complexity="8">
          <methods>
            <method name="get_Model" signature="()" line-rate="1" branch-rate="1" complexity="1">
              <lines>
                <line number="60" hits="9" branch="False" />
              </lines>
            </method>
            <method name="get_Prompt" signature="()" line-rate="1" branch-rate="1" complexity="1">
              <lines>
                <line number="65" hits="6" branch="False" />
              </lines>
            </method>
            <method name="get_MaxTokens" signature="()" line-rate="1" branch-rate="1" complexity="1">
              <lines>
                <line number="70" hits="4" branch="False" />
              </lines>
            </method>
            <method name="get_Temperature" signature="()" line-rate="1" branch-rate="1" complexity="1">
              <lines>
                <line number="75" hits="4" branch="False" />
              </lines>
            </method>
            <method name="get_TopP" signature="()" line-rate="1" branch-rate="1" complexity="1">
              <lines>
                <line number="80" hits="3" branch="False" />
              </lines>
            </method>
            <method name="get_Seed" signature="()" line-rate="1" branch-rate="1" complexity="1">
              <lines>
                <line number="85" hits="3" branch="False" />
              </lines>
            </method>
            <method name="get_Stream" signature="()" line-rate="1" branch-rate="1" complexity="1">
              <lines>
                <line number="90" hits="1" branch="False" />
              </lines>
            </method>
            <method name=".ctor" signature="(Cerebras.Cloud.Sdk.CompletionRequest)" line-rate="0" branch-rate="1" complexity="1">
              <lines>
                <line number="55" hits="0" branch="False" />
              </lines>
            </method>
          </methods>
          <lines>
            <line number="60" hits="9" branch="False" />
            <line number="65" hits="6" branch="False" />
            <line number="70" hits="4" branch="False" />
            <line number="75" hits="4" branch="False" />
            <line number="80" hits="3" branch="False" />
            <line number="85" hits="3" branch="False" />
            <line number="90" hits="1" branch="False" />
            <line number="55" hits="0" branch="False" />
          </lines>
        </class>
        <class name="Cerebras.Cloud.Sdk.CompletionResponse" filename="ICerebrasClient.cs" line-rate="0.8571" branch-rate="1" complexity="7">
          <methods>
            <method name="get_Id" signature="()" line-rate="1" branch-rate="1" complexity="1">
              <lines>
                <line number="101" hits="2" branch="False" />
              </lines>
            </method>
            <method name="get_Model" signature="()" line-rate="1" branch-rate="1" complexity="1">
              <lines>
                <line number="106" hits="2" branch="False" />
              </lines>
            </method>
            <method name="get_Text" signature="()" line-rate="1" branch-rate="1" complexity="1">
              <lines>
                <line number="111" hits="2" branch="False" />
              </lines>
            </method>
            <method name="get_FinishReason" signature="()" line-rate="1" branch-rate="1" complexity="1">
              <lines>
                <line number="116" hits="1" branch="False" />
              </lines>
            </method>
            <method name="get_Usage" signature="()" line-rate="1" branch-rate="1" complexity="1">
              <lines>
                <line number="121" hits="5" branch="False" />
              </lines>
            </method>
            <method name="get_CreatedAt" signature="()" line-rate="1" branch-rate="1" complexity="1">
              <lines>
                <line number="126" hits="1" branch="False" />
              </lines>
            </method>
            <method name=".ctor" signature="(Cerebras.Cloud.Sdk.CompletionResponse)" line-rate="0" branch-rate="1" complexity="1">
              <lines>
                <line number="96" hits="0" branch="False" />
              </lines>
            </method>
          </methods>
          <lines>
            <line number="101" hits="2" branch="False" />
            <line number="106" hits="2" branch="False" />
            <line number="111" hits="2" branch="False" />
            <line number="116" hits="1" branch="False" />
            <line number="121" hits="5" branch="False" />
            <line number="126" hits="1" branch="False" />
            <line number="96" hits="0" branch="False" />
          </lines>
        </class>
        <class name="Cerebras.Cloud.Sdk.CompletionChunk" filename="ICerebrasClient.cs" line-rate="0.75" branch-rate="1" complexity="4">
          <methods>
            <method name="get_Text" signature="()" line-rate="1" branch-rate="1" complexity="1">
              <lines>
                <line number="137" hits="6" branch="False" />
              </lines>
            </method>
            <method name="get_IsFinished" signature="()" line-rate="1" branch-rate="1" complexity="1">
              <lines>
                <line number="142" hits="6" branch="False" />
              </lines>
            </method>
            <method name="get_FinishReason" signature="()" line-rate="1" branch-rate="1" complexity="1">
              <lines>
                <line number="147" hits="3" branch="False" />
              </lines>
            </method>
            <method name=".ctor" signature="(Cerebras.Cloud.Sdk.CompletionChunk)" line-rate="0" branch-rate="1" complexity="1">
              <lines>
                <line number="132" hits="0" branch="False" />
              </lines>
            </method>
          </methods>
          <lines>
            <line number="137" hits="6" branch="False" />
            <line number="142" hits="6" branch="False" />
            <line number="147" hits="3" branch="False" />
            <line number="132" hits="0" branch="False" />
          </lines>
        </class>
        <class name="Cerebras.Cloud.Sdk.Usage" filename="ICerebrasClient.cs" line-rate="0.75" branch-rate="1" complexity="4">
          <methods>
            <method name="get_PromptTokens" signature="()" line-rate="1" branch-rate="1" complexity="1">
              <lines>
                <line number="158" hits="15" branch="False" />
              </lines>
            </method>
            <method name="get_CompletionTokens" signature="()" line-rate="1" branch-rate="1" complexity="1">
              <lines>
                <line number="163" hits="15" branch="False" />
              </lines>
            </method>
            <method name="get_TotalTokens" signature="()" line-rate="1" branch-rate="1" complexity="1">
              <lines>
                <line number="168" hits="7" branch="False" />
              </lines>
            </method>
            <method name=".ctor" signature="(Cerebras.Cloud.Sdk.Usage)" line-rate="0" branch-rate="1" complexity="1">
              <lines>
                <line number="153" hits="0" branch="False" />
              </lines>
            </method>
          </methods>
          <lines>
            <line number="158" hits="15" branch="False" />
            <line number="163" hits="15" branch="False" />
            <line number="168" hits="7" branch="False" />
            <line number="153" hits="0" branch="False" />
          </lines>
        </class>
        <class name="Cerebras.Cloud.Sdk.Model" filename="ICerebrasClient.cs" line-rate="0.8332999999999999" branch-rate="1" complexity="6">
          <methods>
            <method name="get_Id" signature="()" line-rate="1" branch-rate="1" complexity="1">
              <lines>
                <line number="179" hits="7" branch="False" />
              </lines>
            </method>
            <method name="get_Name" signature="()" line-rate="1" branch-rate="1" complexity="1">
              <lines>
                <line number="184" hits="6" branch="False" />
              </lines>
            </method>
            <method name="get_Description" signature="()" line-rate="1" branch-rate="1" complexity="1">
              <lines>
                <line number="189" hits="3" branch="False" />
              </lines>
            </method>
            <method name="get_ContextWindow" signature="()" line-rate="1" branch-rate="1" complexity="1">
              <lines>
                <line number="194" hits="3" branch="False" />
              </lines>
            </method>
            <method name="get_IsAvailable" signature="()" line-rate="1" branch-rate="1" complexity="1">
              <lines>
                <line number="199" hits="3" branch="False" />
              </lines>
            </method>
            <method name=".ctor" signature="(Cerebras.Cloud.Sdk.Model)" line-rate="0" branch-rate="1" complexity="1">
              <lines>
                <line number="174" hits="0" branch="False" />
              </lines>
            </method>
          </methods>
          <lines>
            <line number="179" hits="7" branch="False" />
            <line number="184" hits="6" branch="False" />
            <line number="189" hits="3" branch="False" />
            <line number="194" hits="3" branch="False" />
            <line number="199" hits="3" branch="False" />
            <line number="174" hits="0" branch="False" />
          </lines>
        </class>
        <class name="Cerebras.Cloud.Sdk.ServiceCollectionExtensions" filename="ServiceCollectionExtensions.cs" line-rate="0" branch-rate="0" complexity="8">
          <methods>
            <method name="AddCerebrasClient" signature="(Microsoft.Extensions.DependencyInjection.IServiceCollection,Microsoft.Extensions.Configuration.IConfiguration)" line-rate="0" branch-rate="0" complexity="4">
              <lines>
                <line number="23" hits="0" branch="False" />
                <line number="24" hits="0" branch="True" condition-coverage="0% (0/2)">
                  <conditions>
                    <condition number="7" type="jump" coverage="0%" />
                  </conditions>
                </line>
                <line number="25" hits="0" branch="False" />
                <line number="26" hits="0" branch="False" />
                <line number="29" hits="0" branch="True" condition-coverage="0% (0/2)">
                  <conditions>
                    <condition number="27" type="jump" coverage="0%" />
                  </conditions>
                </line>
                <line number="30" hits="0" branch="False" />
                <line number="31" hits="0" branch="False" />
                <line number="35" hits="0" branch="False" />
                <line number="36" hits="0" branch="False" />
                <line number="39" hits="0" branch="False" />
                <line number="42" hits="0" branch="False" />
                <line number="43" hits="0" branch="False" />
                <line number="44" hits="0" branch="False" />
                <line number="45" hits="0" branch="False" />
                <line number="46" hits="0" branch="False" />
                <line number="47" hits="0" branch="False" />
                <line number="48" hits="0" branch="False" />
                <line number="51" hits="0" branch="False" />
                <line number="53" hits="0" branch="False" />
                <line number="54" hits="0" branch="False" />
              </lines>
            </method>
            <method name="AddCerebrasClient" signature="(Microsoft.Extensions.DependencyInjection.IServiceCollection,System.Action`1&lt;Cerebras.Cloud.Sdk.Configuration.CerebrasClientOptions&gt;)" line-rate="0" branch-rate="0" complexity="4">
              <lines>
                <line number="65" hits="0" branch="False" />
                <line number="66" hits="0" branch="True" condition-coverage="0% (0/2)">
                  <conditions>
                    <condition number="7" type="jump" coverage="0%" />
                  </conditions>
                </line>
[...]
              <lines>
                <line number="69" hits="2" branch="False" />
              </lines>
            </method>
            <method name="get_ResponseFormat" signature="()" line-rate="1" branch-rate="1" complexity="1">
              <lines>
                <line number="75" hits="2" branch="False" />
              </lines>
            </method>
            <method name="get_User" signature="()" line-rate="1" branch-rate="1" complexity="1">
              <lines>
                <line number="80" hits="2" branch="False" />
              </lines>
            </method>
            <method name="get_ToolChoice" signature="()" line-rate="1" branch-rate="1" complexity="1">
              <lines>
                <line number="86" hits="1" branch="False" />
              </lines>
            </method>
            <method name="get_Tools" signature="()" line-rate="1" branch-rate="1" complexity="1">
              <lines>
                <line number="91" hits="2" branch="False" />
              </lines>
            </method>
            <method name=".ctor" signature="(Cerebras.Cloud.Sdk.Chat.ChatCompletionRequest)" line-rate="1" branch-rate="1" complexity="1">
              <lines>
                <line number="10" hits="3" branch="False" />
              </lines>
            </method>
          </methods>
          <lines>
            <line number="15" hits="7" branch="False" />
            <line number="20" hits="4" branch="False" />
            <line number="26" hits="3" branch="False" />
            <line number="31" hits="3" branch="False" />
            <line number="37" hits="2" branch="False" />
            <line number="43" hits="2" branch="False" />
            <line number="49" hits="2" branch="False" />
            <line number="54" hits="2" branch="False" />
            <line number="59" hits="5" branch="False" />
            <line number="64" hits="2" branch="False" />
            <line number="69" hits="2" branch="False" />
            <line number="75" hits="2" branch="False" />
            <line number="80" hits="2" branch="False" />
            <line number="86" hits="1" branch="False" />
            <line number="91" hits="2" branch="False" />
            <line number="10" hits="3" branch="False" />
          </lines>
        </class>
        <class name="Cerebras.Cloud.Sdk.Chat.ChatMessage" filename="Chat/ChatModels.cs" line-rate="0.8332999999999999" branch-rate="1" complexity="6">
          <methods>
            <method name="get_Role" signature="()" line-rate="1" branch-rate="1" complexity="1">
              <lines>
                <line number="102" hits="9" branch="False" />
              </lines>
            </method>
            <method name="get_Content" signature="()" line-rate="1" branch-rate="1" complexity="1">
              <lines>
                <line number="107" hits="10" branch="False" />
              </lines>
            </method>
            <method name="get_Name" signature="()" line-rate="1" branch-rate="1" complexity="1">
              <lines>
                <line number="112" hits="3" branch="False" />
              </lines>
            </method>
            <method name="get_ToolCalls" signature="()" line-rate="1" branch-rate="1" complexity="1">
              <lines>
                <line number="118" hits="3" branch="False" />
              </lines>
            </method>
            <method name="get_ToolCallId" signature="()" line-rate="1" branch-rate="1" complexity="1">
              <lines>
                <line number="124" hits="3" branch="False" />
              </lines>
            </method>
            <method name=".ctor" signature="(Cerebras.Cloud.Sdk.Chat.ChatMessage)" line-rate="0" branch-rate="1" complexity="1">
              <lines>
                <line number="97" hits="0" branch="False" />
              </lines>
            </method>
          </methods>
          <lines>
            <line number="102" hits="9" branch="False" />
            <line number="107" hits="10" branch="False" />
            <line number="112" hits="3" branch="False" />
            <line number="118" hits="3" branch="False" />
            <line number="124" hits="3" branch="False" />
            <line number="97" hits="0" branch="False" />
          </lines>
        </class>
        <class name="Cerebras.Cloud.Sdk.Chat.Tool" filename="Chat/ChatModels.cs" line-rate="0.6666" branch-rate="1" complexity="3">
          <methods>
            <method name="get_Type" signature="()" line-rate="1" branch-rate="1" complexity="1">
              <lines>
                <line number="135" hits="2" branch="False" />
              </lines>
            </method>
            <method name="get_Function" signature="()" line-rate="1" branch-rate="1" complexity="1">
              <lines>
                <line number="140" hits="2" branch="False" />
              </lines>
            </method>
            <method name=".ctor" signature="(Cerebras.Cloud.Sdk.Chat.Tool)" line-rate="0" branch-rate="1" complexity="1">
              <lines>
                <line number="130" hits="0" branch="False" />
              </lines>
            </method>
          </methods>
          <lines>
            <line number="135" hits="2" branch="False" />
            <line number="140" hits="2" branch="False" />
            <line number="130" hits="0" branch="False" />
          </lines>
        </class>
        <class name="Cerebras.Cloud.Sdk.Chat.FunctionDefinition" filename="Chat/ChatModels.cs" line-rate="0.75" branch-rate="1" complexity="4">
          <methods>
            <method name="get_Name" signature="()" line-rate="1" branch-rate="1" complexity="1">
              <lines>
                <line number="151" hits="2" branch="False" />
              </lines>
            </method>
            <method name="get_Description" signature="()" line-rate="1" branch-rate="1" complexity="1">
              <lines>
                <line number="156" hits="2" branch="False" />
              </lines>
            </method>
            <method name="get_Parameters" signature="()" line-rate="1" branch-rate="1" complexity="1">
              <lines>
                <line number="161" hits="2" branch="False" />
              </lines>
            </method>
            <method name=".ctor" signature="(Cerebras.Cloud.Sdk.Chat.FunctionDefinition)" line-rate="0" branch-rate="1" complexity="1">
              <lines>
                <line number="146" hits="0" branch="False" />
              </lines>
            </method>
          </methods>
          <lines>
            <line number="151" hits="2" branch="False" />
            <line number="156" hits="2" branch="False" />
            <line number="161" hits="2" branch="False" />
            <line number="146" hits="0" branch="False" />
          </lines>
        </class>
        <class name="Cerebras.Cloud.Sdk.Chat.ToolCall" filename="Chat/ChatModels.cs" line-rate="0" branch-rate="1" complexity="4">
          <methods>
            <method name="get_Id" signature="()" line-rate="0" branch-rate="1" complexity="1">
              <lines>
                <line number="172" hits="0" branch="False" />
              </lines>
            </method>
            <method name="get_Type" signature="()" line-rate="0" branch-rate="1" complexity="1">
              <lines>
                <line number="177" hits="0" branch="False" />
              </lines>
            </method>
            <method name="get_Function" signature="()" line-rate="0" branch-rate="1" complexity="1">
              <lines>
                <line number="182" hits="0" branch="False" />
              </lines>
            </method>
            <method name=".ctor" signature="(Cerebras.Cloud.Sdk.Chat.ToolCall)" line-rate="0" branch-rate="1" complexity="1">
              <lines>
                <line number="167" hits="0" branch="False" />
              </lines>
            </method>
          </methods>
          <lines>
            <line number="172" hits="0" branch="False" />
            <line number="177" hits="0" branch="False" />
            <line number="182" hits="0" branch="False" />
            <line number="167" hits="0" branch="False" />
          </lines>
        </class>
        <class name="Cerebras.Cloud.Sdk.Chat.FunctionCall" filename="Chat/ChatModels.cs" line-rate="0" branch-rate="1" complexity="3">
          <methods>
            <method name="get_Name" signature="()" line-rate="0" branch-rate="1" complexity="1">
              <lines>
                <line number="193" hits="0" branch="False" />
              </lines>
            </method>
            <method name="get_Arguments" signature="()" line-rate="0" branch-rate="1" complexity="1">
              <lines>
                <line number="198" hits="0" branch="False" />
              </lines>
            </method>
            <method name=".ctor" signature="(Cerebras.Cloud.Sdk.Chat.FunctionCall)" line-rate="0" branch-rate="1" complexity="1">
              <lines>
                <line number="188" hits="0" branch="False" />
              </lines>
            </method>
          </methods>
          <lines>
            <line number="193" hits="0" branch="False" />
            <line number="198" hits="0" branch="False" />
            <line number="188" hits="0" branch="False" />
          </lines>
        </class>
        <class name="Cerebras.Cloud.Sdk.Chat.ResponseFormat" filename="Chat/ChatModels.cs" line-rate="0.5" branch-rate="1" complexity="2">
          <methods>
            <method name="get_Type" signature="()" line-rate="1" branch-rate="1" complexity="1">
              <lines>
                <line number="209" hits="2" branch="False" />
              </lines>
            </method>
            <method name=".ctor" signature="(Cerebras.Cloud.Sdk.Chat.ResponseFormat)" line-rate="0" branch-rate="1" complexity="1">
              <lines>
                <line number="204" hits="0" branch="False" />
              </lines>
            </method>
          </methods>
          <lines>
            <line number="209" hits="2" branch="False" />
            <line number="204" hits="0" branch="False" />
          </lines>
        </class>
        <class name="Cerebras.Cloud.Sdk.Chat.ChatCompletionResponse" filename="Chat/ChatModels.cs" line-rate="0.875" branch-rate="1" complexity="8">
          <methods>
            <method name="get_Id" signature="()" line-rate="1" branch-rate="1" complexity="1">
              <lines>
                <line number="220" hits="7" branch="False" />
              </lines>
            </method>
            <method name="get_Object" signature="()" line-rate="1" branch-rate="1" complexity="1">
              <lines>
                <line number="225" hits="6" branch="False" />
              </lines>
            </method>
            <method name="get_Created" signature="()" line-rate="1" branch-rate="1" complexity="1">
              <lines>
                <line number="230" hits="6" branch="False" />
              </lines>
            </method>
            <method name="get_Model" signature="()" line-rate="1" branch-rate="1" complexity="1">
              <lines>
                <line number="235" hits="9" branch="False" />
              </lines>
            </method>
            <method name="get_Choices" signature="()" line-rate="1" branch-rate="1" complexity="1">
              <lines>
                <line number="240" hits="8" branch="False" />
              </lines>
            </method>
            <method name="get_Usage" signature="()" line-rate="1" branch-rate="1" complexity="1">
              <lines>
                <line number="245" hits="7" branch="False" />
              </lines>
            </method>
            <method name="get_SystemFingerprint" signature="()" line-rate="1" branch-rate="1" complexity="1">
              <lines>
                <line number="251" hits="2" branch="False" />
              </lines>
            </method>
            <method name=".ctor" signature="(Cerebras.Cloud.Sdk.Chat.ChatCompletionResponse)" line-rate="0" branch-rate="1" complexity="1">
              <lines>
                <line number="215" hits="0" branch="False" />
              </lines>
            </method>
          </methods>
          <lines>
            <line number="220" hits="7" branch="False" />
            <line number="225" hits="6" branch="False" />
            <line number="230" hits="6" branch="False" />
            <line number="235" hits="9" branch="False" />
            <line number="240" hits="8" branch="False" />
            <line number="245" hits="7" branch="False" />
            <line number="251" hits="2" branch="False" />
            <line number="215" hits="0" branch="False" />
          </lines>
        </class>
        <class name="Cerebras.Cloud.Sdk.Chat.ChatChoice" filename="Chat/ChatModels.cs" line-rate="0.8" branch-rate="1" complexity="5">
          <methods>
            <method name="get_Index" signature="()" line-rate="1" branch-rate="1" complexity="1">
              <lines>
                <line number="262" hits="3" branch="False" />
              </lines>
            </method>
            <method name="get_Message" signature="()" line-rate="1" branch-rate="1" complexity="1">
              <lines>
                <line number="267" hits="4" branch="False" />
              </lines>
            </method>
            <method name="get_FinishReason" signature="()" line-rate="1" branch-rate="1" complexity="1">
              <lines>
                <line number="273" hits="3" branch="False" />
              </lines>
            </method>
            <method name="get_Logprobs" signature="()" line-rate="1" branch-rate="1" complexity="1">
              <lines>
                <line number="278" hits="1" branch="False" />
              </lines>
            </method>
            <method name=".ctor" signature="(Cerebras.Cloud.Sdk.Chat.ChatChoice)" line-rate="0" branch-rate="1" complexity="1">
              <lines>
                <line number="257" hits="0" branch="False" />
              </lines>
            </method>
          </methods>
          <lines>
            <line number="262" hits="3" branch="False" />
            <line number="267" hits="4" branch="False" />
            <line number="273" hits="3" branch="False" />
            <line number="278" hits="1" branch="False" />
            <line number="257" hits="0" branch="False" />
          </lines>
        </class>
        <class name="Cerebras.Cloud.Sdk.Chat.ChatCompletionChunk" filename="Chat/ChatModels.cs" line-rate="0.7142000000000001" branch-rate="1" complexity="7">
          <methods>
            <method name="get_Id" signature="()" line-rate="1" branch-rate="1" complexity="1">
              <lines>
                <line number="289" hits="2" branch="False" />
              </lines>
            </method>
            <method name="get_Object" signature="()" line-rate="1" branch-rate="1" complexity="1">
              <lines>
                <line number="294" hits="2" branch="False" />
              </lines>
            </method>
            <method name="get_Created" signature="()" line-rate="1" branch-rate="1" complexity="1">
              <lines>
                <line number="299" hits="2" branch="False" />
              </lines>
            </method>
            <method name="get_Model" signature="()" line-rate="1" branch-rate="1" complexity="1">
              <lines>
                <line number="304" hits="2" branch="False" />
              </lines>
            </method>
            <method name="get_Choices" signature="()" line-rate="1" branch-rate="1" complexity="1">
              <lines>
                <line number="309" hits="5" branch="False" />
              </lines>
            </method>
            <method name="get_SystemFingerprint" signature="()" line-rate="0" branch-rate="1" complexity="1">
              <lines>
                <line number="315" hits="0" branch="False" />
              </lines>
            </method>
            <method name=".ctor" signature="(Cerebras.Cloud.Sdk.Chat.ChatCompletionChunk)" line-rate="0" branch-rate="1" complexity="1">
              <lines>
                <line number="284" hits="0" branch="False" />
              </lines>
            </method>
          </methods>
          <lines>
            <line number="289" hits="2" branch="False" />
            <line number="294" hits="2" branch="False" />
            <line number="299" hits="2" branch="False" />
            <line number="304" hits="2" branch="False" />
            <line number="309" hits="5" branch="False" />
            <line number="315" hits="0" branch="False" />
            <line number="284" hits="0" branch="False" />
          </lines>
        </class>
        <class name="Cerebras.Cloud.Sdk.Chat.ChatStreamChoice" filename="Chat/ChatModels.cs" line-rate="0.6" branch-rate="1" complexity="5">
          <methods>
            <method name="get_Index" signature="()" line-rate="1" branch-rate="1" complexity="1">
              <lines>
                <line number="326" hits="2" branch="False" />
              </lines>
            </method>
            <method name="get_Delta" signature="()" line-rate="1" branch-rate="1" complexity="1">
              <lines>
                <line number="331" hits="4" branch="False" />
              </lines>
            </method>
            <method name="get_FinishReason" signature="()" line-rate="1" branch-rate="1" complexity="1">
              <lines>
                <line number="337" hits="2" branch="False" />
              </lines>
            </method>
            <method name="get_Logprobs" signature="()" line-rate="0" branch-rate="1" complexity="1">
              <lines>
                <line number="342" hits="0" branch="False" />
              </lines>
            </method>
            <method name=".ctor" signature="(Cerebras.Cloud.Sdk.Chat.ChatStreamChoice)" line-rate="0" branch-rate="1" complexity="1">
              <lines>
                <line number="321" hits="0" branch="False" />
              </lines>
            </method>
          </methods>
          <lines>
            <line number="326" hits="2" branch="False" />
            <line number="331" hits="4" branch="False" />
            <line number="337" hits="2" branch="False" />
            <line number="342" hits="0" branch="False" />
            <line number="321" hits="0" branch="False" />
          </lines>
        </class>
        <class name="Cerebras.Cloud.Sdk.Chat.ChatMessageDelta" filename="Chat/ChatModels.cs" line-rate="0.25" branch-rate="1" complexity="4">
          <methods>
            <method name="get_Role" signature="()" line-rate="0" branch-rate="1" complexity="1">
              <lines>
                <line number="353" hits="0" branch="False" />
              </lines>
            </method>
            <method name="get_Content" signature="()" line-rate="1" branch-rate="1" complexity="1">
              <lines>
                <line number="358" hits="4" branch="False" />
              </lines>
            </method>
            <method name="get_ToolCalls" signature="()" line-rate="0" branch-rate="1" complexity="1">
              <lines>
                <line number="364" hits="0" branch="False" />
              </lines>
            </method>
            <method name=".ctor" signature="(Cerebras.Cloud.Sdk.Chat.ChatMessageDelta)" line-rate="0" branch-rate="1" complexity="1">
              <lines>
                <line number="348" hits="0" branch="False" />
              </lines>
            </method>
          </methods>
          <lines>
            <line number="353" hits="0" branch="False" />
            <line number="358" hits="4" branch="False" />
            <line number="364" hits="0" branch="False" />
            <line number="348" hits="0" branch="False" />
          </lines>
        </class>
      </classes>
    </package>
  </packages>
</coverage>