<?xml version="1.0" encoding="utf-8"?>
<CoverageSession>
  <Summary numSequencePoints="1007" visitedSequencePoints="608" numBranchPoints="272" visitedBranchPoints="120" sequenceCoverage="60.37" branchCoverage="44.11" maxCyclomaticComplexity="494" minCyclomaticComplexity="494" visitedClasses="54" numClasses="73" visitedMethods="191" numMethods="255" />
  <Modules>
    <Module hash="FA2657E6-3FCE-4FC7-8375-7D1426A47CBC">
      <ModulePath>Cerebras.Cloud.Sdk.dll</ModulePath>
      <ModuleTime>2025-07-07T02:30:47</ModuleTime>
      <ModuleName>Cerebras.Cloud.Sdk</ModuleName>
      <Files>
        <File uid="1" fullPath="/Users/sami/devel/rivoli-ai/cerebras-cloud-sdk-dotnet/src/Cerebras.Cloud.Sdk/CerebrasClient.cs" />
        <File uid="2" fullPath="/Users/sami/devel/rivoli-ai/cerebras-cloud-sdk-dotnet/src/Cerebras.Cloud.Sdk/CerebrasClientV2.cs" />
        <File uid="3" fullPath="/Users/sami/devel/rivoli-ai/cerebras-cloud-sdk-dotnet/src/Cerebras.Cloud.Sdk/ICerebrasClient.cs" />
        <File uid="4" fullPath="/Users/sami/devel/rivoli-ai/cerebras-cloud-sdk-dotnet/src/Cerebras.Cloud.Sdk/ServiceCollectionExtensions.cs" />
        <File uid="5" fullPath="/Users/sami/devel/rivoli-ai/cerebras-cloud-sdk-dotnet/src/Cerebras.Cloud.Sdk/ServiceCollectionExtensionsV2.cs" />
        <File uid="6" fullPath="/Users/sami/devel/rivoli-ai/cerebras-cloud-sdk-dotnet/src/Cerebras.Cloud.Sdk/Models/CerebrasApiModels.cs" />
        <File uid="7" fullPath="/Users/sami/devel/rivoli-ai/cerebras-cloud-sdk-dotnet/src/Cerebras.Cloud.Sdk/Models/ModelsService.cs" />
        <File uid="8" fullPath="/Users/sami/devel/rivoli-ai/cerebras-cloud-sdk-dotnet/src/Cerebras.Cloud.Sdk/Http/HttpService.cs" />
        <File uid="9" fullPath="/Users/sami/devel/rivoli-ai/cerebras-cloud-sdk-dotnet/src/Cerebras.Cloud.Sdk/Exceptions/CerebrasApiException.cs" />
        <File uid="10" fullPath="/Users/sami/devel/rivoli-ai/cerebras-cloud-sdk-dotnet/src/Cerebras.Cloud.Sdk/Configuration/CerebrasClientOptions.cs" />
        <File uid="11" fullPath="/Users/sami/devel/rivoli-ai/cerebras-cloud-sdk-dotnet/src/Cerebras.Cloud.Sdk/Completions/CompletionModels.cs" />
        <File uid="12" fullPath="/Users/sami/devel/rivoli-ai/cerebras-cloud-sdk-dotnet/src/Cerebras.Cloud.Sdk/Completions/CompletionService.cs" />
        <File uid="13" fullPath="/Users/sami/devel/rivoli-ai/cerebras-cloud-sdk-dotnet/src/Cerebras.Cloud.Sdk/Chat/ChatCompletionService.cs" />
        <File uid="14" fullPath="/Users/sami/devel/rivoli-ai/cerebras-cloud-sdk-dotnet/src/Cerebras.Cloud.Sdk/Chat/ChatModels.cs" />
      </Files>
      <Classes>
        <Class>
          <Summary numSequencePoints="33" visitedSequencePoints="25" numBranchPoints="16" visitedBranchPoints="9" sequenceCoverage="75.75" branchCoverage="56.25" maxCyclomaticComplexity="14" minCyclomaticComplexity="2" visitedClasses="1" numClasses="1" visitedMethods="2" numMethods="2" />
          <FullName>Cerebras.Cloud.Sdk.CerebrasClient</FullName>
          <Methods>
            <Method cyclomaticComplexity="2" nPathComplexity="2" sequenceCoverage="20" branchCoverage="0" isConstructor="True" isGetter="False" isSetter="False" isStatic="True">
              <Summary numSequencePoints="5" visitedSequencePoints="1" numBranchPoints="2" visitedBranchPoints="0" sequenceCoverage="20" branchCoverage="0" maxCyclomaticComplexity="2" minCyclomaticComplexity="2" visitedClasses="0" numClasses="0" visitedMethods="1" numMethods="1" />
              <MetadataToken />
              <Name>System.Void Cerebras.Cloud.Sdk.CerebrasClient::&lt;.ctor&gt;b__5_2(Polly.DelegateResult`1&lt;System.Net.Http.HttpResponseMessage&gt;,System.TimeSpan,System.Int32,Polly.Context)</Name>
              <FileRef uid="1" />
              <SequencePoints>
                <SequencePoint vc="0" uspid="65" ordinal="0" sl="65" sc="1" el="65" ec="2" bec="0" bev="0" fileid="1" />
                <SequencePoint vc="0" uspid="66" ordinal="1" sl="66" sc="1" el="66" ec="2" bec="2" bev="0" fileid="1" />
                <SequencePoint vc="0" uspid="67" ordinal="2" sl="67" sc="1" el="67" ec="2" bec="0" bev="0" fileid="1" />
                <SequencePoint vc="0" uspid="68" ordinal="3" sl="68" sc="1" el="68" ec="2" bec="0" bev="0" fileid="1" />
                <SequencePoint vc="6" uspid="69" ordinal="4" sl="69" sc="1" el="69" ec="2" bec="0" bev="0" fileid="1" />
              </SequencePoints>
              <BranchPoints>
                <BranchPoint vc="0" uspid="66" ordinal="0" path="0" offset="51" offsetend="53" sl="66" fileid="1" />
                <BranchPoint vc="0" uspid="66" ordinal="1" path="1" offset="51" offsetend="65" sl="66" fileid="1" />
              </BranchPoints>
              <MethodPoint vc="1" uspid="0" p8:type="SequencePoint" ordinal="0" offset="0" sc="0" sl="65" ec="1" el="69" bec="0" bev="0" fileid="1" xmlns:p8="xsi" />
            </Method>
            <Method cyclomaticComplexity="14" nPathComplexity="14" sequenceCoverage="85.71" branchCoverage="64.28" isConstructor="True" isGetter="False" isSetter="False" isStatic="True">
              <Summary numSequencePoints="28" visitedSequencePoints="24" numBranchPoints="14" visitedBranchPoints="9" sequenceCoverage="85.71" branchCoverage="64.28" maxCyclomaticComplexity="14" minCyclomaticComplexity="14" visitedClasses="0" numClasses="0" visitedMethods="1" numMethods="1" />
              <MetadataToken />
              <Name>System.Void Cerebras.Cloud.Sdk.CerebrasClient::.ctor(System.Net.Http.HttpClient,Microsoft.Extensions.Logging.ILogger`1&lt;Cerebras.Cloud.Sdk.CerebrasClient&gt;,Microsoft.Extensions.Options.IOptions`1&lt;Cerebras.Cloud.Sdk.Configuration.CerebrasClientOptions&gt;)</Name>
              <FileRef uid="1" />
              <SequencePoints>
                <SequencePoint vc="6" uspid="37" ordinal="0" sl="37" sc="1" el="37" ec="2" bec="0" bev="0" fileid="1" />
                <SequencePoint vc="6" uspid="38" ordinal="1" sl="38" sc="1" el="38" ec="2" bec="0" bev="0" fileid="1" />
                <SequencePoint vc="6" uspid="39" ordinal="2" sl="39" sc="1" el="39" ec="2" bec="0" bev="0" fileid="1" />
                <SequencePoint vc="6" uspid="40" ordinal="3" sl="40" sc="1" el="40" ec="2" bec="0" bev="0" fileid="1" />
                <SequencePoint vc="6" uspid="41" ordinal="4" sl="41" sc="1" el="41" ec="2" bec="0" bev="0" fileid="1" />
                <SequencePoint vc="6" uspid="42" ordinal="5" sl="42" sc="1" el="42" ec="2" bec="2" bev="1" fileid="1" />
                <SequencePoint vc="6" uspid="43" ordinal="6" sl="43" sc="1" el="43" ec="2" bec="2" bev="1" fileid="1" />
                <SequencePoint vc="6" uspid="44" ordinal="7" sl="44" sc="1" el="44" ec="2" bec="4" bev="2" fileid="1" />
                <SequencePoint vc="6" uspid="47" ordinal="8" sl="47" sc="1" el="47" ec="2" bec="2" bev="1" fileid="1" />
                <SequencePoint vc="0" uspid="48" ordinal="9" sl="48" sc="1" el="48" ec="2" bec="0" bev="0" fileid="1" />
                <SequencePoint vc="0" uspid="49" ordinal="10" sl="49" sc="1" el="49" ec="2" bec="0" bev="0" fileid="1" />
                <SequencePoint vc="0" uspid="50" ordinal="11" sl="50" sc="1" el="50" ec="2" bec="0" bev="0" fileid="1" />
                <SequencePoint vc="6" uspid="53" ordinal="12" sl="53" sc="1" el="53" ec="2" bec="2" bev="2" fileid="1" />
                <SequencePoint vc="6" uspid="54" ordinal="13" sl="54" sc="1" el="54" ec="2" bec="0" bev="0" fileid="1" />
                <SequencePoint vc="6" uspid="55" ordinal="14" sl="55" sc="1" el="55" ec="2" bec="0" bev="0" fileid="1" />
                <SequencePoint vc="6" uspid="56" ordinal="15" sl="56" sc="1" el="56" ec="2" bec="0" bev="0" fileid="1" />
                <SequencePoint vc="6" uspid="59" ordinal="16" sl="59" sc="1" el="59" ec="2" bec="0" bev="0" fileid="1" />
                <SequencePoint vc="5" uspid="60" ordinal="17" sl="60" sc="1" el="60" ec="2" bec="2" bev="2" fileid="1" />
                <SequencePoint vc="6" uspid="61" ordinal="18" sl="61" sc="1" el="61" ec="2" bec="0" bev="0" fileid="1" />
                <SequencePoint vc="6" uspid="62" ordinal="19" sl="62" sc="1" el="62" ec="2" bec="0" bev="0" fileid="1" />
                <SequencePoint vc="0" uspid="63" ordinal="20" sl="63" sc="1" el="63" ec="2" bec="0" bev="0" fileid="1" />
                <SequencePoint vc="6" uspid="64" ordinal="21" sl="64" sc="1" el="64" ec="2" bec="0" bev="0" fileid="1" />
                <SequencePoint vc="6" uspid="72" ordinal="22" sl="72" sc="1" el="72" ec="2" bec="0" bev="0" fileid="1" />
                <SequencePoint vc="6" uspid="73" ordinal="23" sl="73" sc="1" el="73" ec="2" bec="0" bev="0" fileid="1" />
                <SequencePoint vc="6" uspid="74" ordinal="24" sl="74" sc="1" el="74" ec="2" bec="0" bev="0" fileid="1" />
                <SequencePoint vc="6" uspid="75" ordinal="25" sl="75" sc="1" el="75" ec="2" bec="0" bev="0" fileid="1" />
                <SequencePoint vc="6" uspid="76" ordinal="26" sl="76" sc="1" el="76" ec="2" bec="0" bev="0" fileid="1" />
                <SequencePoint vc="6" uspid="77" ordinal="27" sl="77" sc="1" el="77" ec="2" bec="0" bev="0" fileid="1" />
              </SequencePoints>
              <BranchPoints>
                <BranchPoint vc="0" uspid="42" ordinal="0" path="0" offset="11" offsetend="13" sl="42" fileid="1" />
                <BranchPoint vc="6" uspid="42" ordinal="1" path="1" offset="11" offsetend="25" sl="42" fileid="1" />
                <BranchPoint vc="0" uspid="43" ordinal="2" path="0" offset="33" offsetend="35" sl="43" fileid="1" />
                <BranchPoint vc="6" uspid="43" ordinal="3" path="1" offset="33" offsetend="47" sl="43" fileid="1" />
                <BranchPoint vc="0" uspid="44" ordinal="4" path="0" offset="54" offsetend="56" sl="44" fileid="1" />
                <BranchPoint vc="6" uspid="44" ordinal="5" path="1" offset="54" offsetend="59" sl="44" fileid="1" />
                <BranchPoint vc="0" uspid="44" ordinal="6" path="0" offset="66" offsetend="68" sl="44" fileid="1" />
                <BranchPoint vc="6" uspid="44" ordinal="7" path="1" offset="66" offsetend="80" sl="44" fileid="1" />
                <BranchPoint vc="0" uspid="47" ordinal="8" path="0" offset="103" offsetend="105" sl="47" fileid="1" />
                <BranchPoint vc="6" uspid="47" ordinal="9" path="1" offset="103" offsetend="129" sl="47" fileid="1" />
                <BranchPoint vc="6" uspid="53" ordinal="10" path="0" offset="148" offsetend="150" sl="53" fileid="1" />
                <BranchPoint vc="6" uspid="53" ordinal="11" path="1" offset="148" offsetend="180" sl="53" fileid="1" />
                <BranchPoint vc="1" uspid="60" ordinal="0" path="0" offset="6" offsetend="8" sl="60" fileid="1" />
                <BranchPoint vc="4" uspid="60" ordinal="1" path="1" offset="6" offsetend="26" sl="60" fileid="1" />
              </BranchPoints>
              <MethodPoint vc="24" uspid="0" p8:type="SequencePoint" ordinal="1" offset="1" sc="0" sl="37" ec="1" el="77" bec="0" bev="0" fileid="1" xmlns:p8="xsi" />
            </Method>
          </Methods>
        </Class>
        <Class>
          <Summary numSequencePoints="6" visitedSequencePoints="6" numBranchPoints="0" visitedBranchPoints="0" sequenceCoverage="100" branchCoverage="100" maxCyclomaticComplexity="1" minCyclomaticComplexity="1" visitedClasses="1" numClasses="1" visitedMethods="1" numMethods="1" />
          <FullName>Cerebras.Cloud.Sdk.CerebrasClient/&lt;&gt;c__DisplayClass6_1/&lt;&lt;GenerateCompletionAsync&gt;b__0&gt;d</FullName>
          <Methods>
            <Method cyclomaticComplexity="1" nPathComplexity="1" sequenceCoverage="100" branchCoverage="100" isConstructor="False" isGetter="False" isSetter="False" isStatic="True">
              <Summary numSequencePoints="6" visitedSequencePoints="6" numBranchPoints="0" visitedBranchPoints="0" sequenceCoverage="100" branchCoverage="100" maxCyclomaticComplexity="1" minCyclomaticComplexity="1" visitedClasses="0" numClasses="0" visitedMethods="1" numMethods="1" />
              <MetadataToken />
              <Name>System.Void Cerebras.Cloud.Sdk.CerebrasClient/&lt;&gt;c__DisplayClass6_1/&lt;&lt;GenerateCompletionAsync&gt;b__0&gt;d::MoveNext()</Name>
              <FileRef uid="1" />
              <SequencePoints>
                <SequencePoint vc="2" uspid="121" ordinal="0" sl="121" sc="1" el="121" ec="2" bec="0" bev="0" fileid="1" />
                <SequencePoint vc="2" uspid="122" ordinal="1" sl="122" sc="1" el="122" ec="2" bec="0" bev="0" fileid="1" />
                <SequencePoint vc="2" uspid="123" ordinal="2" sl="123" sc="1" el="123" ec="2" bec="0" bev="0" fileid="1" />
                <SequencePoint vc="2" uspid="124" ordinal="3" sl="124" sc="1" el="124" ec="2" bec="0" bev="0" fileid="1" />
                <SequencePoint vc="2" uspid="125" ordinal="4" sl="125" sc="1" el="125" ec="2" bec="0" bev="0" fileid="1" />
                <SequencePoint vc="4" uspid="126" ordinal="5" sl="126" sc="1" el="126" ec="2" bec="0" bev="0" fileid="1" />
              </SequencePoints>
              <BranchPoints />
              <MethodPoint vc="6" uspid="0" p8:type="SequencePoint" ordinal="0" offset="0" sc="0" sl="121" ec="1" el="126" bec="0" bev="0" fileid="1" xmlns:p8="xsi" />
            </Method>
          </Methods>
        </Class>
        <Class>
          <Summary numSequencePoints="5" visitedSequencePoints="5" numBranchPoints="0" visitedBranchPoints="0" sequenceCoverage="100" branchCoverage="100" maxCyclomaticComplexity="1" minCyclomaticComplexity="1" visitedClasses="1" numClasses="1" visitedMethods="1" numMethods="1" />
          <FullName>Cerebras.Cloud.Sdk.CerebrasClient/&lt;&gt;c__DisplayClass8_0/&lt;&lt;ListModelsAsync&gt;b__1&gt;d</FullName>
          <Methods>
            <Method cyclomaticComplexity="1" nPathComplexity="1" sequenceCoverage="100" branchCoverage="100" isConstructor="False" isGetter="False" isSetter="False" isStatic="True">
              <Summary numSequencePoints="5" visitedSequencePoints="5" numBranchPoints="0" visitedBranchPoints="0" sequenceCoverage="100" branchCoverage="100" maxCyclomaticComplexity="1" minCyclomaticComplexity="1" visitedClasses="0" numClasses="0" visitedMethods="1" numMethods="1" />
              <MetadataToken />
              <Name>System.Void Cerebras.Cloud.Sdk.CerebrasClient/&lt;&gt;c__DisplayClass8_0/&lt;&lt;ListModelsAsync&gt;b__1&gt;d::MoveNext()</Name>
              <FileRef uid="1" />
              <SequencePoints>
                <SequencePoint vc="3" uspid="318" ordinal="0" sl="318" sc="1" el="318" ec="2" bec="0" bev="0" fileid="1" />
                <SequencePoint vc="3" uspid="319" ordinal="1" sl="319" sc="1" el="319" ec="2" bec="0" bev="0" fileid="1" />
                <SequencePoint vc="3" uspid="320" ordinal="2" sl="320" sc="1" el="320" ec="2" bec="0" bev="0" fileid="1" />
                <SequencePoint vc="3" uspid="321" ordinal="3" sl="321" sc="1" el="321" ec="2" bec="0" bev="0" fileid="1" />
                <SequencePoint vc="6" uspid="322" ordinal="4" sl="322" sc="1" el="322" ec="2" bec="0" bev="0" fileid="1" />
              </SequencePoints>
              <BranchPoints />
              <MethodPoint vc="5" uspid="0" p8:type="SequencePoint" ordinal="0" offset="0" sc="0" sl="318" ec="1" el="322" bec="0" bev="0" fileid="1" xmlns:p8="xsi" />
            </Method>
          </Methods>
        </Class>
        <Class>
          <Summary numSequencePoints="1" visitedSequencePoints="1" numBranchPoints="0" visitedBranchPoints="0" sequenceCoverage="100" branchCoverage="100" maxCyclomaticComplexity="1" minCyclomaticComplexity="1" visitedClasses="1" numClasses="1" visitedMethods="1" numMethods="1" />
          <FullName>Cerebras.Cloud.Sdk.CerebrasClient/&lt;&gt;c__DisplayClass9_0</FullName>
          <Methods>
            <Method cyclomaticComplexity="1" nPathComplexity="1" sequenceCoverage="100" branchCoverage="100" isConstructor="False" isGetter="False" isSetter="False" isStatic="True">
              <Summary numSequencePoints="1" visitedSequencePoints="1" numBranchPoints="0" visitedBranchPoints="0" sequenceCoverage="100" branchCoverage="100" maxCyclomaticComplexity="1" minCyclomaticComplexity="1" visitedClasses="0" numClasses="0" visitedMethods="1" numMethods="1" />
              <MetadataToken />
              <Name>System.Boolean Cerebras.Cloud.Sdk.CerebrasClient/&lt;&gt;c__DisplayClass9_0::&lt;GetModelAsync&gt;b__0(Cerebras.Cloud.Sdk.Model)</Name>
              <FileRef uid="1" />
              <SequencePoints>
                <SequencePoint vc="3" uspid="383" ordinal="0" sl="383" sc="1" el="383" ec="2" bec="0" bev="0" fileid="1" />
              </SequencePoints>
              <BranchPoints />
              <MethodPoint vc="1" uspid="0" p8:type="SequencePoint" ordinal="0" offset="0" sc="0" sl="383" ec="1" el="383" bec="0" bev="0" fileid="1" xmlns:p8="xsi" />
            </Method>
          </Methods>
        </Class>
        <Class>
          <Summary numSequencePoints="79" visitedSequencePoints="56" numBranchPoints="28" visitedBranchPoints="17" sequenceCoverage="70.88" branchCoverage="60.71" maxCyclomaticComplexity="28" minCyclomaticComplexity="28" visitedClasses="1" numClasses="1" visitedMethods="1" numMethods="1" />
          <FullName>Cerebras.Cloud.Sdk.CerebrasClient/&lt;GenerateCompletionAsync&gt;d__6</FullName>
          <Methods>
            <Method cyclomaticComplexity="28" nPathComplexity="28" sequenceCoverage="70.88" branchCoverage="60.71" isConstructor="False" isGetter="False" isSetter="False" isStatic="True">
              <Summary numSequencePoints="79" visitedSequencePoints="56" numBranchPoints="28" visitedBranchPoints="17" sequenceCoverage="70.88" branchCoverage="60.71" maxCyclomaticComplexity="28" minCyclomaticComplexity="28" visitedClasses="0" numClasses="0" visitedMethods="1" numMethods="1" />
              <MetadataToken />
              <Name>System.Void Cerebras.Cloud.Sdk.CerebrasClient/&lt;GenerateCompletionAsync&gt;d__6::MoveNext()</Name>
              <FileRef uid="1" />
              <SequencePoints>
                <SequencePoint vc="2" uspid="83" ordinal="0" sl="83" sc="1" el="83" ec="2" bec="0" bev="0" fileid="1" />
                <SequencePoint vc="2" uspid="85" ordinal="1" sl="85" sc="1" el="85" ec="2" bec="0" bev="0" fileid="1" />
                <SequencePoint vc="2" uspid="86" ordinal="2" sl="86" sc="1" el="86" ec="2" bec="0" bev="0" fileid="1" />
                <SequencePoint vc="2" uspid="89" ordinal="3" sl="89" sc="1" el="89" ec="2" bec="2" bev="1" fileid="1" />
                <SequencePoint vc="0" uspid="90" ordinal="4" sl="90" sc="1" el="90" ec="2" bec="0" bev="0" fileid="1" />
                <SequencePoint vc="0" uspid="91" ordinal="5" sl="91" sc="1" el="91" ec="2" bec="0" bev="0" fileid="1" />
                <SequencePoint vc="2" uspid="94" ordinal="6" sl="94" sc="1" el="94" ec="2" bec="4" bev="4" fileid="1" />
                <SequencePoint vc="2" uspid="95" ordinal="7" sl="95" sc="1" el="95" ec="2" bec="0" bev="0" fileid="1" />
                <SequencePoint vc="2" uspid="96" ordinal="8" sl="96" sc="1" el="96" ec="2" bec="0" bev="0" fileid="1" />
                <SequencePoint vc="2" uspid="97" ordinal="9" sl="97" sc="1" el="97" ec="2" bec="0" bev="0" fileid="1" />
                <SequencePoint vc="2" uspid="98" ordinal="10" sl="98" sc="1" el="98" ec="2" bec="0" bev="0" fileid="1" />
                <SequencePoint vc="2" uspid="99" ordinal="11" sl="99" sc="1" el="99" ec="2" bec="0" bev="0" fileid="1" />
                <SequencePoint vc="2" uspid="100" ordinal="12" sl="100" sc="1" el="100" ec="2" bec="0" bev="0" fileid="1" />
                <SequencePoint vc="2" uspid="101" ordinal="13" sl="101" sc="1" el="101" ec="2" bec="0" bev="0" fileid="1" />
                <SequencePoint vc="2" uspid="102" ordinal="14" sl="102" sc="1" el="102" ec="2" bec="0" bev="0" fileid="1" />
                <SequencePoint vc="2" uspid="103" ordinal="15" sl="103" sc="1" el="103" ec="2" bec="0" bev="0" fileid="1" />
                <SequencePoint vc="2" uspid="104" ordinal="16" sl="104" sc="1" el="104" ec="2" bec="0" bev="0" fileid="1" />
                <SequencePoint vc="2" uspid="105" ordinal="17" sl="105" sc="1" el="105" ec="2" bec="0" bev="0" fileid="1" />
                <SequencePoint vc="2" uspid="106" ordinal="18" sl="106" sc="1" el="106" ec="2" bec="0" bev="0" fileid="1" />
                <SequencePoint vc="2" uspid="107" ordinal="19" sl="107" sc="1" el="107" ec="2" bec="0" bev="0" fileid="1" />
                <SequencePoint vc="2" uspid="108" ordinal="20" sl="108" sc="1" el="108" ec="2" bec="0" bev="0" fileid="1" />
                <SequencePoint vc="2" uspid="109" ordinal="21" sl="109" sc="1" el="109" ec="2" bec="0" bev="0" fileid="1" />
                <SequencePoint vc="2" uspid="110" ordinal="22" sl="110" sc="1" el="110" ec="2" bec="0" bev="0" fileid="1" />
                <SequencePoint vc="2" uspid="113" ordinal="23" sl="113" sc="1" el="113" ec="2" bec="2" bev="1" fileid="1" />
                <SequencePoint vc="0" uspid="114" ordinal="24" sl="114" sc="1" el="114" ec="2" bec="0" bev="0" fileid="1" />
                <SequencePoint vc="0" uspid="115" ordinal="25" sl="115" sc="1" el="115" ec="2" bec="0" bev="0" fileid="1" />
                <SequencePoint vc="0" uspid="116" ordinal="26" sl="116" sc="1" el="116" ec="2" bec="0" bev="0" fileid="1" />
                <SequencePoint vc="0" uspid="117" ordinal="27" sl="117" sc="1" el="117" ec="2" bec="0" bev="0" fileid="1" />
                <SequencePoint vc="2" uspid="120" ordinal="28" sl="120" sc="1" el="120" ec="2" bec="0" bev="0" fileid="1" />
                <SequencePoint vc="2" uspid="128" ordinal="29" sl="128" sc="1" el="128" ec="2" bec="2" bev="2" fileid="1" />
                <SequencePoint vc="1" uspid="129" ordinal="30" sl="129" sc="1" el="129" ec="2" bec="0" bev="0" fileid="1" />
                <SequencePoint vc="1" uspid="130" ordinal="31" sl="130" sc="1" el="130" ec="2" bec="0" bev="0" fileid="1" />
                <SequencePoint vc="1" uspid="131" ordinal="32" sl="131" sc="1" el="131" ec="2" bec="0" bev="0" fileid="1" />
                <SequencePoint vc="1" uspid="132" ordinal="33" sl="132" sc="1" el="132" ec="2" bec="0" bev="0" fileid="1" />
                <SequencePoint vc="1" uspid="133" ordinal="34" sl="133" sc="1" el="133" ec="2" bec="0" bev="0" fileid="1" />
                <SequencePoint vc="1" uspid="134" ordinal="35" sl="134" sc="1" el="134" ec="2" bec="0" bev="0" fileid="1" />
                <SequencePoint vc="1" uspid="138" ordinal="36" sl="138" sc="1" el="138" ec="2" bec="0" bev="0" fileid="1" />
                <SequencePoint vc="1" uspid="139" ordinal="37" sl="139" sc="1" el="139" ec="2" bec="0" bev="0" fileid="1" />
                <SequencePoint vc="1" uspid="141" ordinal="38" sl="141" sc="1" el="141" ec="2" bec="2" bev="1" fileid="1" />
                <SequencePoint vc="0" uspid="142" ordinal="39" sl="142" sc="1" el="142" ec="2" bec="0" bev="0" fileid="1" />
                <SequencePoint vc="0" uspid="143" ordinal="40" sl="143" sc="1" el="143" ec="2" bec="0" bev="0" fileid="1" />
                <SequencePoint vc="1" uspid="146" ordinal="41" sl="146" sc="1" el="146" ec="2" bec="14" bev="7" fileid="1" />
                <SequencePoint vc="1" uspid="147" ordinal="42" sl="147" sc="1" el="147" ec="2" bec="0" bev="0" fileid="1" />
                <SequencePoint vc="1" uspid="148" ordinal="43" sl="148" sc="1" el="148" ec="2" bec="0" bev="0" fileid="1" />
                <SequencePoint vc="1" uspid="149" ordinal="44" sl="149" sc="1" el="149" ec="2" bec="0" bev="0" fileid="1" />
                <SequencePoint vc="1" uspid="150" ordinal="45" sl="150" sc="1" el="150" ec="2" bec="0" bev="0" fileid="1" />
                <SequencePoint vc="1" uspid="151" ordinal="46" sl="151" sc="1" el="151" ec="2" bec="0" bev="0" fileid="1" />
                <SequencePoint vc="1" uspid="152" ordinal="47" sl="152" sc="1" el="152" ec="2" bec="0" bev="0" fileid="1" />
                <SequencePoint vc="1" uspid="153" ordinal="48" sl="153" sc="1" el="153" ec="2" bec="0" bev="0" fileid="1" />
                <SequencePoint vc="1" uspid="154" ordinal="49" sl="154" sc="1" el="154" ec="2" bec="0" bev="0" fileid="1" />
                <SequencePoint vc="1" uspid="155" ordinal="50" sl="155" sc="1" el="155" ec="2" bec="0" bev="0" fileid="1" />
                <SequencePoint vc="1" uspid="156" ordinal="51" sl="156" sc="1" el="156" ec="2" bec="0" bev="0" fileid="1" />
                <SequencePoint vc="1" uspid="157" ordinal="52" sl="157" sc="1" el="157" ec="2" bec="0" bev="0" fileid="1" />
                <SequencePoint vc="1" uspid="158" ordinal="53" sl="158" sc="1" el="158" ec="2" bec="0" bev="0" fileid="1" />
                <SequencePoint vc="1" uspid="159" ordinal="54" sl="159" sc="1" el="159" ec="2" bec="0" bev="0" fileid="1" />
                <SequencePoint vc="1" uspid="160" ordinal="55" sl="160" sc="1" el="160" ec="2" bec="0" bev="0" fileid="1" />
                <SequencePoint vc="1" uspid="162" ordinal="56" sl="162" sc="1" el="162" ec="2" bec="2" bev="1" fileid="1" />
                <SequencePoint vc="1" uspid="163" ordinal="57" sl="163" sc="1" el="163" ec="2" bec="0" bev="0" fileid="1" />
                <SequencePoint vc="1" uspid="164" ordinal="58" sl="164" sc="1" el="164" ec="2" bec="0" bev="0" fileid="1" />
                <SequencePoint vc="1" uspid="166" ordinal="59" sl="166" sc="1" el="166" ec="2" bec="0" bev="0" fileid="1" />
                <SequencePoint vc="0" uspid="168" ordinal="60" sl="168" sc="1" el="168" ec="2" bec="0" bev="0" fileid="1" />
                <SequencePoint vc="0" uspid="169" ordinal="61" sl="169" sc="1" el="169" ec="2" bec="0" bev="0" fileid="1" />
                <SequencePoint vc="0" uspid="170" ordinal="62" sl="170" sc="1" el="170" ec="2" bec="0" bev="0" fileid="1" />
                <SequencePoint vc="0" uspid="171" ordinal="63" sl="171" sc="1" el="171" ec="2" bec="0" bev="0" fileid="1" />
                <SequencePoint vc="0" uspid="173" ordinal="64" sl="173" sc="1" el="173" ec="2" bec="0" bev="0" fileid="1" />
                <SequencePoint vc="0" uspid="174" ordinal="65" sl="174" sc="1" el="174" ec="2" bec="0" bev="0" fileid="1" />
                <SequencePoint vc="0" uspid="175" ordinal="66" sl="175" sc="1" el="175" ec="2" bec="0" bev="0" fileid="1" />
                <SequencePoint vc="0" uspid="176" ordinal="67" sl="176" sc="1" el="176" ec="2" bec="0" bev="0" fileid="1" />
                <SequencePoint vc="0" uspid="178" ordinal="68" sl="178" sc="1" el="178" ec="2" bec="0" bev="0" fileid="1" />
                <SequencePoint vc="0" uspid="179" ordinal="69" sl="179" sc="1" el="179" ec="2" bec="0" bev="0" fileid="1" />
                <SequencePoint vc="0" uspid="180" ordinal="70" sl="180" sc="1" el="180" ec="2" bec="0" bev="0" fileid="1" />
                <SequencePoint vc="1" uspid="182" ordinal="71" sl="182" sc="1" el="182" ec="2" bec="0" bev="0" fileid="1" />
                <SequencePoint vc="1" uspid="183" ordinal="72" sl="183" sc="1" el="183" ec="2" bec="0" bev="0" fileid="1" />
                <SequencePoint vc="1" uspid="184" ordinal="73" sl="184" sc="1" el="184" ec="2" bec="0" bev="0" fileid="1" />
                <SequencePoint vc="0" uspid="186" ordinal="74" sl="186" sc="1" el="186" ec="2" bec="0" bev="0" fileid="1" />
                <SequencePoint vc="0" uspid="187" ordinal="75" sl="187" sc="1" el="187" ec="2" bec="0" bev="0" fileid="1" />
                <SequencePoint vc="0" uspid="188" ordinal="76" sl="188" sc="1" el="188" ec="2" bec="0" bev="0" fileid="1" />
                <SequencePoint vc="0" uspid="189" ordinal="77" sl="189" sc="1" el="189" ec="2" bec="0" bev="0" fileid="1" />
                <SequencePoint vc="1" uspid="191" ordinal="78" sl="191" sc="1" el="191" ec="2" bec="0" bev="0" fileid="1" />
              </SequencePoints>
              <BranchPoints>
                <BranchPoint vc="0" uspid="89" ordinal="0" path="0" offset="191" offsetend="193" sl="89" fileid="1" />
                <BranchPoint vc="2" uspid="89" ordinal="1" path="1" offset="191" offsetend="205" sl="89" fileid="1" />
                <BranchPoint vc="1" uspid="94" ordinal="2" path="0" offset="271" offsetend="273" sl="94" fileid="1" />
                <BranchPoint vc="1" uspid="94" ordinal="3" path="1" offset="271" offsetend="291" sl="94" fileid="1" />
                <BranchPoint vc="1" uspid="94" ordinal="4" path="0" offset="318" offsetend="320" sl="94" fileid="1" />
                <BranchPoint vc="1" uspid="94" ordinal="5" path="1" offset="318" offsetend="338" sl="94" fileid="1" />
                <BranchPoint vc="0" uspid="113" ordinal="6" path="0" offset="425" offsetend="427" sl="113" fileid="1" />
                <BranchPoint vc="2" uspid="113" ordinal="7" path="1" offset="425" offsetend="506" sl="113" fileid="1" />
                <BranchPoint vc="1" uspid="128" ordinal="8" path="0" offset="675" offsetend="680" sl="128" fileid="1" />
                <BranchPoint vc="1" uspid="128" ordinal="9" path="1" offset="675" offsetend="980" sl="128" fileid="1" />
                <BranchPoint vc="0" uspid="141" ordinal="10" path="0" offset="1154" offsetend="1156" sl="141" fileid="1" />
                <BranchPoint vc="1" uspid="141" ordinal="11" path="1" offset="1154" offsetend="1168" sl="141" fileid="1" />
                <BranchPoint vc="0" uspid="146" ordinal="12" path="0" offset="1223" offsetend="1225" sl="146" fileid="1" />
                <BranchPoint vc="1" uspid="146" ordinal="13" path="1" offset="1223" offsetend="1229" sl="146" fileid="1" />
                <BranchPoint vc="0" uspid="146" ordinal="14" path="0" offset="1235" offsetend="1237" sl="146" fileid="1" />
                <BranchPoint vc="1" uspid="146" ordinal="15" path="1" offset="1235" offsetend="1241" sl="146" fileid="1" />
                <BranchPoint vc="0" uspid="146" ordinal="16" path="0" offset="1247" offsetend="1249" sl="146" fileid="1" />
                <BranchPoint vc="1" uspid="146" ordinal="17" path="1" offset="1247" offsetend="1253" sl="146" fileid="1" />
                <BranchPoint vc="0" uspid="146" ordinal="18" path="0" offset="1259" offsetend="1261" sl="146" fileid="1" />
                <BranchPoint vc="1" uspid="146" ordinal="19" path="1" offset="1259" offsetend="1267" sl="146" fileid="1" />
                <BranchPoint vc="0" uspid="146" ordinal="20" path="0" offset="1286" offsetend="1288" sl="146" fileid="1" />
                <BranchPoint vc="1" uspid="146" ordinal="21" path="1" offset="1286" offsetend="1292" sl="146" fileid="1" />
                <BranchPoint vc="0" uspid="146" ordinal="22" path="0" offset="1298" offsetend="1300" sl="146" fileid="1" />
                <BranchPoint vc="1" uspid="146" ordinal="23" path="1" offset="1298" offsetend="1304" sl="146" fileid="1" />
                <BranchPoint vc="0" uspid="146" ordinal="24" path="0" offset="1327" offsetend="1329" sl="146" fileid="1" />
                <BranchPoint vc="1" uspid="146" ordinal="25" path="1" offset="1327" offsetend="1332" sl="146" fileid="1" />
                <BranchPoint vc="0" uspid="162" ordinal="26" path="0" offset="1453" offsetend="1455" sl="162" fileid="1" />
                <BranchPoint vc="1" uspid="162" ordinal="27" path="1" offset="1453" offsetend="1459" sl="162" fileid="1" />
              </BranchPoints>
              <MethodPoint vc="56" uspid="0" p8:type="SequencePoint" ordinal="0" offset="0" sc="0" sl="83" ec="1" el="191" bec="0" bev="0" fileid="1" xmlns:p8="xsi" />
            </Method>
          </Methods>
        </Class>
        <Class>
          <Summary numSequencePoints="80" visitedSequencePoints="69" numBranchPoints="32" visitedBranchPoints="21" sequenceCoverage="86.25" branchCoverage="65.62" maxCyclomaticComplexity="32" minCyclomaticComplexity="32" visitedClasses="1" numClasses="1" visitedMethods="1" numMethods="1" />
          <FullName>Cerebras.Cloud.Sdk.CerebrasClient/&lt;GenerateCompletionStreamAsync&gt;d__7</FullName>
          <Methods>
            <Method cyclomaticComplexity="32" nPathComplexity="32" sequenceCoverage="86.25" branchCoverage="65.62" isConstructor="False" isGetter="False" isSetter="False" isStatic="True">
              <Summary numSequencePoints="80" visitedSequencePoints="69" numBranchPoints="32" visitedBranchPoints="21" sequenceCoverage="86.25" branchCoverage="65.62" maxCyclomaticComplexity="32" minCyclomaticComplexity="32" visitedClasses="0" numClasses="0" visitedMethods="1" numMethods="1" />
              <MetadataToken />
              <Name>System.Void Cerebras.Cloud.Sdk.CerebrasClient/&lt;GenerateCompletionStreamAsync&gt;d__7::MoveNext()</Name>
              <FileRef uid="1" />
              <SequencePoints>
                <SequencePoint vc="1" uspid="197" ordinal="0" sl="197" sc="1" el="197" ec="2" bec="0" bev="0" fileid="1" />
                <SequencePoint vc="1" uspid="198" ordinal="1" sl="198" sc="1" el="198" ec="2" bec="0" bev="0" fileid="1" />
                <SequencePoint vc="1" uspid="201" ordinal="2" sl="201" sc="1" el="201" ec="2" bec="2" bev="1" fileid="1" />
                <SequencePoint vc="0" uspid="202" ordinal="3" sl="202" sc="1" el="202" ec="2" bec="0" bev="0" fileid="1" />
                <SequencePoint vc="0" uspid="203" ordinal="4" sl="203" sc="1" el="203" ec="2" bec="0" bev="0" fileid="1" />
                <SequencePoint vc="1" uspid="207" ordinal="5" sl="207" sc="1" el="207" ec="2" bec="0" bev="0" fileid="1" />
                <SequencePoint vc="1" uspid="208" ordinal="6" sl="208" sc="1" el="208" ec="2" bec="0" bev="0" fileid="1" />
                <SequencePoint vc="1" uspid="210" ordinal="7" sl="210" sc="1" el="210" ec="2" bec="4" bev="2" fileid="1" />
                <SequencePoint vc="1" uspid="211" ordinal="8" sl="211" sc="1" el="211" ec="2" bec="0" bev="0" fileid="1" />
                <SequencePoint vc="1" uspid="212" ordinal="9" sl="212" sc="1" el="212" ec="2" bec="0" bev="0" fileid="1" />
                <SequencePoint vc="1" uspid="213" ordinal="10" sl="213" sc="1" el="213" ec="2" bec="0" bev="0" fileid="1" />
                <SequencePoint vc="1" uspid="214" ordinal="11" sl="214" sc="1" el="214" ec="2" bec="0" bev="0" fileid="1" />
                <SequencePoint vc="1" uspid="215" ordinal="12" sl="215" sc="1" el="215" ec="2" bec="0" bev="0" fileid="1" />
                <SequencePoint vc="1" uspid="216" ordinal="13" sl="216" sc="1" el="216" ec="2" bec="0" bev="0" fileid="1" />
                <SequencePoint vc="1" uspid="217" ordinal="14" sl="217" sc="1" el="217" ec="2" bec="0" bev="0" fileid="1" />
                <SequencePoint vc="1" uspid="218" ordinal="15" sl="218" sc="1" el="218" ec="2" bec="0" bev="0" fileid="1" />
                <SequencePoint vc="1" uspid="219" ordinal="16" sl="219" sc="1" el="219" ec="2" bec="0" bev="0" fileid="1" />
                <SequencePoint vc="1" uspid="220" ordinal="17" sl="220" sc="1" el="220" ec="2" bec="0" bev="0" fileid="1" />
                <SequencePoint vc="1" uspid="221" ordinal="18" sl="221" sc="1" el="221" ec="2" bec="0" bev="0" fileid="1" />
                <SequencePoint vc="1" uspid="222" ordinal="19" sl="222" sc="1" el="222" ec="2" bec="0" bev="0" fileid="1" />
                <SequencePoint vc="1" uspid="223" ordinal="20" sl="223" sc="1" el="223" ec="2" bec="0" bev="0" fileid="1" />
                <SequencePoint vc="1" uspid="224" ordinal="21" sl="224" sc="1" el="224" ec="2" bec="0" bev="0" fileid="1" />
                <SequencePoint vc="1" uspid="225" ordinal="22" sl="225" sc="1" el="225" ec="2" bec="0" bev="0" fileid="1" />
                <SequencePoint vc="1" uspid="226" ordinal="23" sl="226" sc="1" el="226" ec="2" bec="0" bev="0" fileid="1" />
                <SequencePoint vc="1" uspid="228" ordinal="24" sl="228" sc="1" el="228" ec="2" bec="0" bev="0" fileid="1" />
                <SequencePoint vc="1" uspid="230" ordinal="25" sl="230" sc="1" el="230" ec="2" bec="0" bev="0" fileid="1" />
                <SequencePoint vc="1" uspid="232" ordinal="26" sl="232" sc="1" el="232" ec="2" bec="0" bev="0" fileid="1" />
                <SequencePoint vc="1" uspid="233" ordinal="27" sl="233" sc="1" el="233" ec="2" bec="0" bev="0" fileid="1" />
                <SequencePoint vc="1" uspid="234" ordinal="28" sl="234" sc="1" el="234" ec="2" bec="0" bev="0" fileid="1" />
                <SequencePoint vc="1" uspid="235" ordinal="29" sl="235" sc="1" el="235" ec="2" bec="0" bev="0" fileid="1" />
                <SequencePoint vc="1" uspid="236" ordinal="30" sl="236" sc="1" el="236" ec="2" bec="0" bev="0" fileid="1" />
                <SequencePoint vc="1" uspid="238" ordinal="31" sl="238" sc="1" el="238" ec="2" bec="2" bev="1" fileid="1" />
                <SequencePoint vc="0" uspid="239" ordinal="32" sl="239" sc="1" el="239" ec="2" bec="0" bev="0" fileid="1" />
                <SequencePoint vc="0" uspid="240" ordinal="33" sl="240" sc="1" el="240" ec="2" bec="0" bev="0" fileid="1" />
                <SequencePoint vc="0" uspid="241" ordinal="34" sl="241" sc="1" el="241" ec="2" bec="0" bev="0" fileid="1" />
                <SequencePoint vc="1" uspid="245" ordinal="35" sl="245" sc="1" el="245" ec="2" bec="2" bev="2" fileid="1" />
                <SequencePoint vc="1" uspid="246" ordinal="36" sl="246" sc="1" el="246" ec="2" bec="0" bev="0" fileid="1" />
                <SequencePoint vc="5" uspid="248" ordinal="37" sl="248" sc="1" el="248" ec="2" bec="4" bev="3" fileid="1" />
                <SequencePoint vc="5" uspid="249" ordinal="38" sl="249" sc="1" el="249" ec="2" bec="0" bev="0" fileid="1" />
                <SequencePoint vc="5" uspid="250" ordinal="39" sl="250" sc="1" el="250" ec="2" bec="0" bev="0" fileid="1" />
                <SequencePoint vc="5" uspid="251" ordinal="40" sl="251" sc="1" el="251" ec="2" bec="2" bev="2" fileid="1" />
                <SequencePoint vc="2" uspid="252" ordinal="41" sl="252" sc="1" el="252" ec="2" bec="0" bev="0" fileid="1" />
                <SequencePoint vc="2" uspid="253" ordinal="42" sl="253" sc="1" el="253" ec="2" bec="0" bev="0" fileid="1" />
                <SequencePoint vc="3" uspid="256" ordinal="43" sl="256" sc="1" el="256" ec="2" bec="2" bev="1" fileid="1" />
                <SequencePoint vc="0" uspid="257" ordinal="44" sl="257" sc="1" el="257" ec="2" bec="0" bev="0" fileid="1" />
                <SequencePoint vc="0" uspid="258" ordinal="45" sl="258" sc="1" el="258" ec="2" bec="0" bev="0" fileid="1" />
                <SequencePoint vc="3" uspid="261" ordinal="46" sl="261" sc="1" el="261" ec="2" bec="0" bev="0" fileid="1" />
                <SequencePoint vc="3" uspid="262" ordinal="47" sl="262" sc="1" el="262" ec="2" bec="2" bev="2" fileid="1" />
                <SequencePoint vc="1" uspid="263" ordinal="48" sl="263" sc="1" el="263" ec="2" bec="0" bev="0" fileid="1" />
                <SequencePoint vc="1" uspid="264" ordinal="49" sl="264" sc="1" el="264" ec="2" bec="0" bev="0" fileid="1" />
                <SequencePoint vc="1" uspid="265" ordinal="50" sl="265" sc="1" el="265" ec="2" bec="0" bev="0" fileid="1" />
                <SequencePoint vc="1" uspid="266" ordinal="51" sl="266" sc="1" el="266" ec="2" bec="0" bev="0" fileid="1" />
                <SequencePoint vc="1" uspid="267" ordinal="52" sl="267" sc="1" el="267" ec="2" bec="0" bev="0" fileid="1" />
                <SequencePoint vc="1" uspid="268" ordinal="53" sl="268" sc="1" el="268" ec="2" bec="0" bev="0" fileid="1" />
                <SequencePoint vc="1" uspid="269" ordinal="54" sl="269" sc="1" el="269" ec="2" bec="0" bev="0" fileid="1" />
                <SequencePoint vc="1" uspid="270" ordinal="55" sl="270" sc="1" el="270" ec="2" bec="0" bev="0" fileid="1" />
                <SequencePoint vc="2" uspid="273" ordinal="56" sl="273" sc="1" el="273" ec="2" bec="0" bev="0" fileid="1" />
                <SequencePoint vc="2" uspid="275" ordinal="57" sl="275" sc="1" el="275" ec="2" bec="0" bev="0" fileid="1" />
                <SequencePoint vc="2" uspid="276" ordinal="58" sl="276" sc="1" el="276" ec="2" bec="0" bev="0" fileid="1" />
                <SequencePoint vc="2" uspid="277" ordinal="59" sl="277" sc="1" el="277" ec="2" bec="0" bev="0" fileid="1" />
                <SequencePoint vc="0" uspid="278" ordinal="60" sl="278" sc="1" el="278" ec="2" bec="0" bev="0" fileid="1" />
                <SequencePoint vc="0" uspid="279" ordinal="61" sl="279" sc="1" el="279" ec="2" bec="0" bev="0" fileid="1" />
                <SequencePoint vc="0" uspid="280" ordinal="62" sl="280" sc="1" el="280" ec="2" bec="0" bev="0" fileid="1" />
                <SequencePoint vc="0" uspid="281" ordinal="63" sl="281" sc="1" el="281" ec="2" bec="0" bev="0" fileid="1" />
                <SequencePoint vc="2" uspid="284" ordinal="64" sl="284" sc="1" el="284" ec="2" bec="4" bev="2" fileid="1" />
                <SequencePoint vc="2" uspid="285" ordinal="65" sl="285" sc="1" el="285" ec="2" bec="6" bev="4" fileid="1" />
                <SequencePoint vc="2" uspid="286" ordinal="66" sl="286" sc="1" el="286" ec="2" bec="0" bev="0" fileid="1" />
                <SequencePoint vc="2" uspid="287" ordinal="67" sl="287" sc="1" el="287" ec="2" bec="0" bev="0" fileid="1" />
                <SequencePoint vc="2" uspid="288" ordinal="68" sl="288" sc="1" el="288" ec="2" bec="0" bev="0" fileid="1" />
                <SequencePoint vc="2" uspid="289" ordinal="69" sl="289" sc="1" el="289" ec="2" bec="0" bev="0" fileid="1" />
                <SequencePoint vc="2" uspid="290" ordinal="70" sl="290" sc="1" el="290" ec="2" bec="0" bev="0" fileid="1" />
                <SequencePoint vc="2" uspid="291" ordinal="71" sl="291" sc="1" el="291" ec="2" bec="0" bev="0" fileid="1" />
                <SequencePoint vc="2" uspid="292" ordinal="72" sl="292" sc="1" el="292" ec="2" bec="0" bev="0" fileid="1" />
                <SequencePoint vc="2" uspid="293" ordinal="73" sl="293" sc="1" el="293" ec="2" bec="0" bev="0" fileid="1" />
                <SequencePoint vc="2" uspid="294" ordinal="74" sl="294" sc="1" el="294" ec="2" bec="0" bev="0" fileid="1" />
                <SequencePoint vc="1" uspid="295" ordinal="75" sl="295" sc="1" el="295" ec="2" bec="0" bev="0" fileid="1" />
                <SequencePoint vc="1" uspid="297" ordinal="76" sl="297" sc="1" el="297" ec="2" bec="0" bev="0" fileid="1" />
                <SequencePoint vc="1" uspid="298" ordinal="77" sl="298" sc="1" el="298" ec="2" bec="2" bev="1" fileid="1" />
                <SequencePoint vc="1" uspid="299" ordinal="78" sl="299" sc="1" el="299" ec="2" bec="0" bev="0" fileid="1" />
                <SequencePoint vc="1" uspid="300" ordinal="79" sl="300" sc="1" el="300" ec="2" bec="0" bev="0" fileid="1" />
              </SequencePoints>
              <BranchPoints>
                <BranchPoint vc="0" uspid="201" ordinal="0" path="0" offset="149" offsetend="151" sl="201" fileid="1" />
                <BranchPoint vc="1" uspid="201" ordinal="1" path="1" offset="149" offsetend="163" sl="201" fileid="1" />
                <BranchPoint vc="1" uspid="210" ordinal="2" path="0" offset="293" offsetend="295" sl="210" fileid="1" />
                <BranchPoint vc="0" uspid="210" ordinal="3" path="1" offset="293" offsetend="313" sl="210" fileid="1" />
                <BranchPoint vc="1" uspid="210" ordinal="4" path="0" offset="339" offsetend="341" sl="210" fileid="1" />
                <BranchPoint vc="0" uspid="210" ordinal="5" path="1" offset="339" offsetend="359" sl="210" fileid="1" />
                <BranchPoint vc="0" uspid="238" ordinal="6" path="0" offset="704" offsetend="709" sl="238" fileid="1" />
                <BranchPoint vc="1" uspid="238" ordinal="7" path="1" offset="704" offsetend="950" sl="238" fileid="1" />
                <BranchPoint vc="1" uspid="245" ordinal="8" path="0" offset="1103" offsetend="1107" sl="245" fileid="1" />
                <BranchPoint vc="4" uspid="245" ordinal="9" path="1" offset="1103" offsetend="1132" sl="245" fileid="1" />
                <BranchPoint vc="5" uspid="248" ordinal="29" path="1" offset="1829" offsetend="1170" sl="248" fileid="1" />
                <BranchPoint vc="2" uspid="251" ordinal="10" path="0" offset="1332" offsetend="1334" sl="251" fileid="1" />
                <BranchPoint vc="3" uspid="251" ordinal="11" path="1" offset="1332" offsetend="1340" sl="251" fileid="1" />
                <BranchPoint vc="0" uspid="256" ordinal="12" path="0" offset="1363" offsetend="1365" sl="256" fileid="1" />
                <BranchPoint vc="3" uspid="256" ordinal="13" path="1" offset="1363" offsetend="1371" sl="256" fileid="1" />
                <BranchPoint vc="1" uspid="262" ordinal="14" path="0" offset="1409" offsetend="1411" sl="262" fileid="1" />
                <BranchPoint vc="2" uspid="262" ordinal="15" path="1" offset="1409" offsetend="1497" sl="262" fileid="1" />
                <BranchPoint vc="0" uspid="284" ordinal="16" path="0" offset="1603" offsetend="1605" sl="284" fileid="1" />
                <BranchPoint vc="2" uspid="284" ordinal="17" path="1" offset="1603" offsetend="1609" sl="284" fileid="1" />
                <BranchPoint vc="0" uspid="284" ordinal="18" path="0" offset="1615" offsetend="1617" sl="284" fileid="1" />
                <BranchPoint vc="2" uspid="284" ordinal="19" path="1" offset="1615" offsetend="1621" sl="284" fileid="1" />
                <BranchPoint vc="0" uspid="285" ordinal="20" path="0" offset="1638" offsetend="1640" sl="285" fileid="1" />
                <BranchPoint vc="2" uspid="285" ordinal="21" path="1" offset="1638" offsetend="1644" sl="285" fileid="1" />
                <BranchPoint vc="0" uspid="285" ordinal="22" path="0" offset="1650" offsetend="1652" sl="285" fileid="1" />
                <BranchPoint vc="2" uspid="285" ordinal="23" path="1" offset="1650" offsetend="1656" sl="285" fileid="1" />
                <BranchPoint vc="2" uspid="285" ordinal="24" path="0" offset="1668" offsetend="1670" sl="285" fileid="1" />
                <BranchPoint vc="2" uspid="285" ordinal="25" path="1" offset="1668" offsetend="1766" sl="285" fileid="1" />
                <BranchPoint vc="5" uspid="248" ordinal="26" path="0" offset="1806" offsetend="1808" sl="248" fileid="1" />
                <BranchPoint vc="0" uspid="248" ordinal="27" path="1" offset="1806" offsetend="1824" sl="248" fileid="1" />
                <BranchPoint vc="1" uspid="248" ordinal="28" path="0" offset="1829" offsetend="1834" sl="248" fileid="1" />
                <BranchPoint vc="0" uspid="298" ordinal="30" path="0" offset="1937" offsetend="1939" sl="298" fileid="1" />
                <BranchPoint vc="1" uspid="298" ordinal="31" path="1" offset="1937" offsetend="1942" sl="298" fileid="1" />
              </BranchPoints>
              <MethodPoint vc="69" uspid="0" p8:type="SequencePoint" ordinal="0" offset="0" sc="0" sl="197" ec="1" el="300" bec="0" bev="0" fileid="1" xmlns:p8="xsi" />
            </Method>
          </Methods>
        </Class>
        <Class>
          <Summary numSequencePoints="19" visitedSequencePoints="13" numBranchPoints="4" visitedBranchPoints="3" sequenceCoverage="68.42" branchCoverage="75" maxCyclomaticComplexity="4" minCyclomaticComplexity="4" visitedClasses="1" numClasses="1" visitedMethods="1" numMethods="1" />
          <FullName>Cerebras.Cloud.Sdk.CerebrasClient/&lt;GetModelAsync&gt;d__9</FullName>
          <Methods>
            <Method cyclomaticComplexity="4" nPathComplexity="4" sequenceCoverage="68.42" branchCoverage="75" isConstructor="False" isGetter="False" isSetter="False" isStatic="True">
              <Summary numSequencePoints="19" visitedSequencePoints="13" numBranchPoints="4" visitedBranchPoints="3" sequenceCoverage="68.42" branchCoverage="75" maxCyclomaticComplexity="4" minCyclomaticComplexity="4" visitedClasses="0" numClasses="0" visitedMethods="1" numMethods="1" />
              <MetadataToken />
              <Name>System.Void Cerebras.Cloud.Sdk.CerebrasClient/&lt;GetModelAsync&gt;d__9::MoveNext()</Name>
              <FileRef uid="1" />
              <SequencePoints>
                <SequencePoint vc="2" uspid="369" ordinal="0" sl="369" sc="1" el="369" ec="2" bec="0" bev="0" fileid="1" />
                <SequencePoint vc="2" uspid="370" ordinal="1" sl="370" sc="1" el="370" ec="2" bec="2" bev="1" fileid="1" />
                <SequencePoint vc="0" uspid="371" ordinal="2" sl="371" sc="1" el="371" ec="2" bec="0" bev="0" fileid="1" />
                <SequencePoint vc="0" uspid="372" ordinal="3" sl="372" sc="1" el="372" ec="2" bec="0" bev="0" fileid="1" />
                <SequencePoint vc="2" uspid="376" ordinal="4" sl="376" sc="1" el="376" ec="2" bec="0" bev="0" fileid="1" />
                <SequencePoint vc="2" uspid="377" ordinal="5" sl="377" sc="1" el="377" ec="2" bec="0" bev="0" fileid="1" />
                <SequencePoint vc="2" uspid="381" ordinal="6" sl="381" sc="1" el="381" ec="2" bec="0" bev="0" fileid="1" />
                <SequencePoint vc="2" uspid="384" ordinal="7" sl="384" sc="1" el="384" ec="2" bec="2" bev="2" fileid="1" />
                <SequencePoint vc="1" uspid="385" ordinal="8" sl="385" sc="1" el="385" ec="2" bec="0" bev="0" fileid="1" />
                <SequencePoint vc="1" uspid="386" ordinal="9" sl="386" sc="1" el="386" ec="2" bec="0" bev="0" fileid="1" />
                <SequencePoint vc="1" uspid="389" ordinal="10" sl="389" sc="1" el="389" ec="2" bec="0" bev="0" fileid="1" />
                <SequencePoint vc="1" uspid="391" ordinal="11" sl="391" sc="1" el="391" ec="2" bec="0" bev="0" fileid="1" />
                <SequencePoint vc="1" uspid="392" ordinal="12" sl="392" sc="1" el="392" ec="2" bec="0" bev="0" fileid="1" />
                <SequencePoint vc="1" uspid="393" ordinal="13" sl="393" sc="1" el="393" ec="2" bec="0" bev="0" fileid="1" />
                <SequencePoint vc="0" uspid="395" ordinal="14" sl="395" sc="1" el="395" ec="2" bec="0" bev="0" fileid="1" />
                <SequencePoint vc="0" uspid="396" ordinal="15" sl="396" sc="1" el="396" ec="2" bec="0" bev="0" fileid="1" />
                <SequencePoint vc="0" uspid="397" ordinal="16" sl="397" sc="1" el="397" ec="2" bec="0" bev="0" fileid="1" />
                <SequencePoint vc="0" uspid="398" ordinal="17" sl="398" sc="1" el="398" ec="2" bec="0" bev="0" fileid="1" />
                <SequencePoint vc="1" uspid="400" ordinal="18" sl="400" sc="1" el="400" ec="2" bec="0" bev="0" fileid="1" />
              </SequencePoints>
              <BranchPoints>
                <BranchPoint vc="0" uspid="370" ordinal="0" path="0" offset="61" offsetend="63" sl="370" fileid="1" />
                <BranchPoint vc="2" uspid="370" ordinal="1" path="1" offset="61" offsetend="80" sl="370" fileid="1" />
                <BranchPoint vc="1" uspid="384" ordinal="2" path="0" offset="313" offsetend="315" sl="384" fileid="1" />
                <BranchPoint vc="1" uspid="384" ordinal="3" path="1" offset="313" offsetend="353" sl="384" fileid="1" />
              </BranchPoints>
              <MethodPoint vc="13" uspid="0" p8:type="SequencePoint" ordinal="0" offset="0" sc="0" sl="369" ec="1" el="400" bec="0" bev="0" fileid="1" xmlns:p8="xsi" />
            </Method>
          </Methods>
        </Class>
        <Class>
          <Summary numSequencePoints="29" visitedSequencePoints="12" numBranchPoints="8" visitedBranchPoints="4" sequenceCoverage="41.37" branchCoverage="50" maxCyclomaticComplexity="8" minCyclomaticComplexity="8" visitedClasses="1" numClasses="1" visitedMethods="1" numMethods="1" />
          <FullName>Cerebras.Cloud.Sdk.CerebrasClient/&lt;ListModelsAsync&gt;d__8</FullName>
          <Methods>
            <Method cyclomaticComplexity="8" nPathComplexity="8" sequenceCoverage="41.37" branchCoverage="50" isConstructor="False" isGetter="False" isSetter="False" isStatic="True">
              <Summary numSequencePoints="29" visitedSequencePoints="12" numBranchPoints="8" visitedBranchPoints="4" sequenceCoverage="41.37" branchCoverage="50" maxCyclomaticComplexity="8" minCyclomaticComplexity="8" visitedClasses="0" numClasses="0" visitedMethods="1" numMethods="1" />
              <MetadataToken />
              <Name>System.Void Cerebras.Cloud.Sdk.CerebrasClient/&lt;ListModelsAsync&gt;d__8::MoveNext()</Name>
              <FileRef uid="1" />
              <SequencePoints>
                <SequencePoint vc="3" uspid="305" ordinal="0" sl="305" sc="1" el="305" ec="2" bec="0" bev="0" fileid="1" />
                <SequencePoint vc="3" uspid="307" ordinal="1" sl="307" sc="1" el="307" ec="2" bec="0" bev="0" fileid="1" />
                <SequencePoint vc="3" uspid="308" ordinal="2" sl="308" sc="1" el="308" ec="2" bec="0" bev="0" fileid="1" />
                <SequencePoint vc="3" uspid="311" ordinal="3" sl="311" sc="1" el="311" ec="2" bec="2" bev="1" fileid="1" />
                <SequencePoint vc="0" uspid="312" ordinal="4" sl="312" sc="1" el="312" ec="2" bec="0" bev="0" fileid="1" />
                <SequencePoint vc="0" uspid="313" ordinal="5" sl="313" sc="1" el="313" ec="2" bec="0" bev="0" fileid="1" />
                <SequencePoint vc="3" uspid="317" ordinal="6" sl="317" sc="1" el="317" ec="2" bec="0" bev="0" fileid="1" />
                <SequencePoint vc="3" uspid="324" ordinal="7" sl="324" sc="1" el="324" ec="2" bec="2" bev="1" fileid="1" />
                <SequencePoint vc="0" uspid="325" ordinal="8" sl="325" sc="1" el="325" ec="2" bec="0" bev="0" fileid="1" />
                <SequencePoint vc="0" uspid="326" ordinal="9" sl="326" sc="1" el="326" ec="2" bec="0" bev="0" fileid="1" />
                <SequencePoint vc="0" uspid="327" ordinal="10" sl="327" sc="1" el="327" ec="2" bec="0" bev="0" fileid="1" />
                <SequencePoint vc="0" uspid="328" ordinal="11" sl="328" sc="1" el="328" ec="2" bec="0" bev="0" fileid="1" />
                <SequencePoint vc="0" uspid="329" ordinal="12" sl="329" sc="1" el="329" ec="2" bec="0" bev="0" fileid="1" />
                <SequencePoint vc="0" uspid="330" ordinal="13" sl="330" sc="1" el="330" ec="2" bec="0" bev="0" fileid="1" />
                <SequencePoint vc="3" uspid="334" ordinal="14" sl="334" sc="1" el="334" ec="2" bec="0" bev="0" fileid="1" />
                <SequencePoint vc="3" uspid="335" ordinal="15" sl="335" sc="1" el="335" ec="2" bec="0" bev="0" fileid="1" />
                <SequencePoint vc="3" uspid="337" ordinal="16" sl="337" sc="1" el="337" ec="2" bec="4" bev="2" fileid="1" />
                <SequencePoint vc="0" uspid="338" ordinal="17" sl="338" sc="1" el="338" ec="2" bec="0" bev="0" fileid="1" />
                <SequencePoint vc="0" uspid="339" ordinal="18" sl="339" sc="1" el="339" ec="2" bec="0" bev="0" fileid="1" />
                <SequencePoint vc="3" uspid="351" ordinal="19" sl="351" sc="1" el="351" ec="2" bec="0" bev="0" fileid="1" />
                <SequencePoint vc="3" uspid="352" ordinal="20" sl="352" sc="1" el="352" ec="2" bec="0" bev="0" fileid="1" />
                <SequencePoint vc="0" uspid="354" ordinal="21" sl="354" sc="1" el="354" ec="2" bec="0" bev="0" fileid="1" />
                <SequencePoint vc="0" uspid="355" ordinal="22" sl="355" sc="1" el="355" ec="2" bec="0" bev="0" fileid="1" />
                <SequencePoint vc="0" uspid="356" ordinal="23" sl="356" sc="1" el="356" ec="2" bec="0" bev="0" fileid="1" />
                <SequencePoint vc="0" uspid="358" ordinal="24" sl="358" sc="1" el="358" ec="2" bec="0" bev="0" fileid="1" />
                <SequencePoint vc="0" uspid="359" ordinal="25" sl="359" sc="1" el="359" ec="2" bec="0" bev="0" fileid="1" />
                <SequencePoint vc="0" uspid="360" ordinal="26" sl="360" sc="1" el="360" ec="2" bec="0" bev="0" fileid="1" />
                <SequencePoint vc="0" uspid="361" ordinal="27" sl="361" sc="1" el="361" ec="2" bec="0" bev="0" fileid="1" />
                <SequencePoint vc="3" uspid="363" ordinal="28" sl="363" sc="1" el="363" ec="2" bec="0" bev="0" fileid="1" />
              </SequencePoints>
              <BranchPoints>
                <BranchPoint vc="0" uspid="311" ordinal="0" path="0" offset="148" offsetend="150" sl="311" fileid="1" />
                <BranchPoint vc="3" uspid="311" ordinal="1" path="1" offset="148" offsetend="162" sl="311" fileid="1" />
                <BranchPoint vc="0" uspid="324" ordinal="2" path="0" offset="328" offsetend="333" sl="324" fileid="1" />
                <BranchPoint vc="3" uspid="324" ordinal="3" path="1" offset="328" offsetend="628" sl="324" fileid="1" />
                <BranchPoint vc="0" uspid="337" ordinal="4" path="0" offset="791" offsetend="793" sl="337" fileid="1" />
                <BranchPoint vc="3" uspid="337" ordinal="5" path="1" offset="791" offsetend="797" sl="337" fileid="1" />
                <BranchPoint vc="0" uspid="337" ordinal="6" path="0" offset="809" offsetend="811" sl="337" fileid="1" />
                <BranchPoint vc="3" uspid="337" ordinal="7" path="1" offset="809" offsetend="823" sl="337" fileid="1" />
              </BranchPoints>
              <MethodPoint vc="12" uspid="0" p8:type="SequencePoint" ordinal="0" offset="0" sc="0" sl="305" ec="1" el="363" bec="0" bev="0" fileid="1" xmlns:p8="xsi" />
            </Method>
          </Methods>
        </Class>
        <Class>
          <Summary numSequencePoints="25" visitedSequencePoints="0" numBranchPoints="14" visitedBranchPoints="0" sequenceCoverage="0" branchCoverage="0" maxCyclomaticComplexity="14" minCyclomaticComplexity="1" visitedClasses="0" numClasses="1" visitedMethods="0" numMethods="5" />
          <FullName>Cerebras.Cloud.Sdk.CerebrasClientV2</FullName>
          <Methods>
            <Method cyclomaticComplexity="1" nPathComplexity="1" sequenceCoverage="0" branchCoverage="100" isConstructor="False" isGetter="True" isSetter="False" isStatic="True">
              <Summary numSequencePoints="1" visitedSequencePoints="0" numBranchPoints="0" visitedBranchPoints="0" sequenceCoverage="0" branchCoverage="100" maxCyclomaticComplexity="1" minCyclomaticComplexity="1" visitedClasses="0" numClasses="0" visitedMethods="0" numMethods="1" />
              <MetadataToken />
              <Name>Cerebras.Cloud.Sdk.Chat.IChatCompletionService Cerebras.Cloud.Sdk.CerebrasClientV2::get_Chat()</Name>
              <FileRef uid="2" />
              <SequencePoints>
                <SequencePoint vc="0" uspid="27" ordinal="0" sl="27" sc="1" el="27" ec="2" bec="0" bev="0" fileid="2" />
              </SequencePoints>
              <BranchPoints />
              <MethodPoint vc="0" uspid="0" p8:type="SequencePoint" ordinal="0" offset="0" sc="0" sl="27" ec="1" el="27" bec="0" bev="0" fileid="2" xmlns:p8="xsi" />
            </Method>
            <Method cyclomaticComplexity="1" nPathComplexity="1" sequenceCoverage="0" branchCoverage="100" isConstructor="False" isGetter="True" isSetter="False" isStatic="True">
              <Summary numSequencePoints="1" visitedSequencePoints="0" numBranchPoints="0" visitedBranchPoints="0" sequenceCoverage="0" branchCoverage="100" maxCyclomaticComplexity="1" minCyclomaticComplexity="1" visitedClasses="0" numClasses="0" visitedMethods="0" numMethods="1" />
              <MetadataToken />
              <Name>Cerebras.Cloud.Sdk.Completions.ICompletionService Cerebras.Cloud.Sdk.CerebrasClientV2::get_Completions()</Name>
              <FileRef uid="2" />
              <SequencePoints>
                <SequencePoint vc="0" uspid="30" ordinal="0" sl="30" sc="1" el="30" ec="2" bec="0" bev="0" fileid="2" />
              </SequencePoints>
              <BranchPoints />
              <MethodPoint vc="0" uspid="0" p8:type="SequencePoint" ordinal="1" offset="1" sc="0" sl="30" ec="1" el="30" bec="0" bev="0" fileid="2" xmlns:p8="xsi" />
            </Method>
            <Method cyclomaticComplexity="1" nPathComplexity="1" sequenceCoverage="0" branchCoverage="100" isConstructor="False" isGetter="False" isSetter="False" isStatic="True">
              <Summary numSequencePoints="3" visitedSequencePoints="0" numBranchPoints="0" visitedBranchPoints="0" sequenceCoverage="0" branchCoverage="100" maxCyclomaticComplexity="1" minCyclomaticComplexity="1" visitedClasses="0" numClasses="0" visitedMethods="0" numMethods="1" />
              <MetadataToken />
              <Name>System.Collections.Generic.IAsyncEnumerable`1&lt;Cerebras.Cloud.Sdk.Chat.ChatCompletionChunk&gt; Cerebras.Cloud.Sdk.CerebrasClientV2::CreateChatCompletionStreamAsync(Cerebras.Cloud.Sdk.Chat.ChatCompletionRequest,System.Threading.CancellationToken)</Name>
              <FileRef uid="2" />
              <SequencePoints>
                <SequencePoint vc="0" uspid="67" ordinal="0" sl="67" sc="1" el="67" ec="2" bec="0" bev="0" fileid="2" />
                <SequencePoint vc="0" uspid="68" ordinal="1" sl="68" sc="1" el="68" ec="2" bec="0" bev="0" fileid="2" />
                <SequencePoint vc="0" uspid="69" ordinal="2" sl="69" sc="1" el="69" ec="2" bec="0" bev="0" fileid="2" />
              </SequencePoints>
              <BranchPoints />
              <MethodPoint vc="0" uspid="0" p8:type="SequencePoint" ordinal="2" offset="2" sc="0" sl="67" ec="1" el="69" bec="0" bev="0" fileid="2" xmlns:p8="xsi" />
            </Method>
            <Method cyclomaticComplexity="1" nPathComplexity="1" sequenceCoverage="0" branchCoverage="100" isConstructor="False" isGetter="False" isSetter="False" isStatic="True">
              <Summary numSequencePoints="3" visitedSequencePoints="0" numBranchPoints="0" visitedBranchPoints="0" sequenceCoverage="0" branchCoverage="100" maxCyclomaticComplexity="1" minCyclomaticComplexity="1" visitedClasses="0" numClasses="0" visitedMethods="0" numMethods="1" />
              <MetadataToken />
              <Name>System.Collections.Generic.IAsyncEnumerable`1&lt;Cerebras.Cloud.Sdk.Completions.TextCompletionChunk&gt; Cerebras.Cloud.Sdk.CerebrasClientV2::CreateTextCompletionStreamAsync(Cerebras.Cloud.Sdk.Completions.TextCompletionRequest,System.Threading.CancellationToken)</Name>
              <FileRef uid="2" />
              <SequencePoints>
                <SequencePoint vc="0" uspid="83" ordinal="0" sl="83" sc="1" el="83" ec="2" bec="0" bev="0" fileid="2" />
                <SequencePoint vc="0" uspid="84" ordinal="1" sl="84" sc="1" el="84" ec="2" bec="0" bev="0" fileid="2" />
                <SequencePoint vc="0" uspid="85" ordinal="2" sl="85" sc="1" el="85" ec="2" bec="0" bev="0" fileid="2" />
              </SequencePoints>
              <BranchPoints />
              <MethodPoint vc="0" uspid="0" p8:type="SequencePoint" ordinal="3" offset="3" sc="0" sl="83" ec="1" el="85" bec="0" bev="0" fileid="2" xmlns:p8="xsi" />
            </Method>
            <Method cyclomaticComplexity="14" nPathComplexity="14" sequenceCoverage="0" branchCoverage="0" isConstructor="True" isGetter="False" isSetter="False" isStatic="True">
              <Summary numSequencePoints="17" visitedSequencePoints="0" numBranchPoints="14" visitedBranchPoints="0" sequenceCoverage="0" branchCoverage="0" maxCyclomaticComplexity="14" minCyclomaticComplexity="14" visitedClasses="0" numClasses="0" visitedMethods="0" numMethods="1" />
              <MetadataToken />
              <Name>System.Void Cerebras.Cloud.Sdk.CerebrasClientV2::.ctor(Cerebras.Cloud.Sdk.Chat.IChatCompletionService,Cerebras.Cloud.Sdk.Completions.ICompletionService,Cerebras.Cloud.Sdk.Models.IModelsService,Microsoft.Extensions.Logging.ILogger`1&lt;Cerebras.Cloud.Sdk.CerebrasClientV2&gt;,Microsoft.Extensions.Options.IOptions`1&lt;Cerebras.Cloud.Sdk.Configuration.CerebrasClientOptions&gt;)</Name>
              <FileRef uid="2" />
              <SequencePoints>
                <SequencePoint vc="0" uspid="35" ordinal="0" sl="35" sc="1" el="35" ec="2" bec="0" bev="0" fileid="2" />
                <SequencePoint vc="0" uspid="36" ordinal="1" sl="36" sc="1" el="36" ec="2" bec="0" bev="0" fileid="2" />
                <SequencePoint vc="0" uspid="37" ordinal="2" sl="37" sc="1" el="37" ec="2" bec="0" bev="0" fileid="2" />
                <SequencePoint vc="0" uspid="38" ordinal="3" sl="38" sc="1" el="38" ec="2" bec="0" bev="0" fileid="2" />
                <SequencePoint vc="0" uspid="39" ordinal="4" sl="39" sc="1" el="39" ec="2" bec="0" bev="0" fileid="2" />
                <SequencePoint vc="0" uspid="40" ordinal="5" sl="40" sc="1" el="40" ec="2" bec="0" bev="0" fileid="2" />
                <SequencePoint vc="0" uspid="41" ordinal="6" sl="41" sc="1" el="41" ec="2" bec="0" bev="0" fileid="2" />
                <SequencePoint vc="0" uspid="42" ordinal="7" sl="42" sc="1" el="42" ec="2" bec="2" bev="0" fileid="2" />
                <SequencePoint vc="0" uspid="43" ordinal="8" sl="43" sc="1" el="43" ec="2" bec="2" bev="0" fileid="2" />
                <SequencePoint vc="0" uspid="44" ordinal="9" sl="44" sc="1" el="44" ec="2" bec="2" bev="0" fileid="2" />
                <SequencePoint vc="0" uspid="45" ordinal="10" sl="45" sc="1" el="45" ec="2" bec="2" bev="0" fileid="2" />
                <SequencePoint vc="0" uspid="46" ordinal="11" sl="46" sc="1" el="46" ec="2" bec="4" bev="0" fileid="2" />
                <SequencePoint vc="0" uspid="49" ordinal="12" sl="49" sc="1" el="49" ec="2" bec="2" bev="0" fileid="2" />
                <SequencePoint vc="0" uspid="50" ordinal="13" sl="50" sc="1" el="50" ec="2" bec="0" bev="0" fileid="2" />
                <SequencePoint vc="0" uspid="51" ordinal="14" sl="51" sc="1" el="51" ec="2" bec="0" bev="0" fileid="2" />
                <SequencePoint vc="0" uspid="52" ordinal="15" sl="52" sc="1" el="52" ec="2" bec="0" bev="0" fileid="2" />
                <SequencePoint vc="0" uspid="53" ordinal="16" sl="53" sc="1" el="53" ec="2" bec="0" bev="0" fileid="2" />
              </SequencePoints>
              <BranchPoints>
                <BranchPoint vc="0" uspid="42" ordinal="0" path="0" offset="11" offsetend="13" sl="42" fileid="2" />
                <BranchPoint vc="0" uspid="42" ordinal="1" path="1" offset="11" offsetend="25" sl="42" fileid="2" />
                <BranchPoint vc="0" uspid="43" ordinal="2" path="0" offset="33" offsetend="35" sl="43" fileid="2" />
                <BranchPoint vc="0" uspid="43" ordinal="3" path="1" offset="33" offsetend="47" sl="43" fileid="2" />
                <BranchPoint vc="0" uspid="44" ordinal="4" path="0" offset="55" offsetend="57" sl="44" fileid="2" />
                <BranchPoint vc="0" uspid="44" ordinal="5" path="1" offset="55" offsetend="69" sl="44" fileid="2" />
                <BranchPoint vc="0" uspid="45" ordinal="6" path="0" offset="78" offsetend="80" sl="45" fileid="2" />
                <BranchPoint vc="0" uspid="45" ordinal="7" path="1" offset="78" offsetend="92" sl="45" fileid="2" />
                <BranchPoint vc="0" uspid="46" ordinal="8" path="0" offset="100" offsetend="102" sl="46" fileid="2" />
                <BranchPoint vc="0" uspid="46" ordinal="9" path="1" offset="100" offsetend="105" sl="46" fileid="2" />
                <BranchPoint vc="0" uspid="46" ordinal="10" path="0" offset="113" offsetend="115" sl="46" fileid="2" />
                <BranchPoint vc="0" uspid="46" ordinal="11" path="1" offset="113" offsetend="127" sl="46" fileid="2" />
                <BranchPoint vc="0" uspid="49" ordinal="12" path="0" offset="150" offsetend="152" sl="49" fileid="2" />
                <BranchPoint vc="0" uspid="49" ordinal="13" path="1" offset="150" offsetend="176" sl="49" fileid="2" />
              </BranchPoints>
              <MethodPoint vc="0" uspid="0" p8:type="SequencePoint" ordinal="4" offset="4" sc="0" sl="35" ec="1" el="53" bec="0" bev="0" fileid="2" xmlns:p8="xsi" />
            </Method>
          </Methods>
        </Class>
        <Class>
          <Summary numSequencePoints="3" visitedSequencePoints="0" numBranchPoints="0" visitedBranchPoints="0" sequenceCoverage="0" branchCoverage="100" maxCyclomaticComplexity="1" minCyclomaticComplexity="1" visitedClasses="0" numClasses="1" visitedMethods="0" numMethods="1" />
          <FullName>Cerebras.Cloud.Sdk.CerebrasClientV2/&lt;CreateChatCompletionAsync&gt;d__10</FullName>
          <Methods>
            <Method cyclomaticComplexity="1" nPathComplexity="1" sequenceCoverage="0" branchCoverage="100" isConstructor="False" isGetter="False" isSetter="False" isStatic="True">
              <Summary numSequencePoints="3" visitedSequencePoints="0" numBranchPoints="0" visitedBranchPoints="0" sequenceCoverage="0" branchCoverage="100" maxCyclomaticComplexity="1" minCyclomaticComplexity="1" visitedClasses="0" numClasses="0" visitedMethods="0" numMethods="1" />
              <MetadataToken />
              <Name>System.Void Cerebras.Cloud.Sdk.CerebrasClientV2/&lt;CreateChatCompletionAsync&gt;d__10::MoveNext()</Name>
              <FileRef uid="2" />
              <SequencePoints>
                <SequencePoint vc="0" uspid="59" ordinal="0" sl="59" sc="1" el="59" ec="2" bec="0" bev="0" fileid="2" />
                <SequencePoint vc="0" uspid="60" ordinal="1" sl="60" sc="1" el="60" ec="2" bec="0" bev="0" fileid="2" />
                <SequencePoint vc="0" uspid="61" ordinal="2" sl="61" sc="1" el="61" ec="2" bec="0" bev="0" fileid="2" />
              </SequencePoints>
              <BranchPoints />
              <MethodPoint vc="0" uspid="0" p8:type="SequencePoint" ordinal="0" offset="0" sc="0" sl="59" ec="1" el="61" bec="0" bev="0" fileid="2" xmlns:p8="xsi" />
            </Method>
          </Methods>
        </Class>
        <Class>
          <Summary numSequencePoints="3" visitedSequencePoints="0" numBranchPoints="0" visitedBranchPoints="0" sequenceCoverage="0" branchCoverage="100" maxCyclomaticComplexity="1" minCyclomaticComplexity="1" visitedClasses="0" numClasses="1" visitedMethods="0" numMethods="1" />
          <FullName>Cerebras.Cloud.Sdk.CerebrasClientV2/&lt;CreateTextCompletionAsync&gt;d__12</FullName>
          <Methods>
            <Method cyclomaticComplexity="1" nPathComplexity="1" sequenceCoverage="0" branchCoverage="100" isConstructor="False" isGetter="False" isSetter="False" isStatic="True">
              <Summary numSequencePoints="3" visitedSequencePoints="0" numBranchPoints="0" visitedBranchPoints="0" sequenceCoverage="0" branchCoverage="100" maxCyclomaticComplexity="1" minCyclomaticComplexity="1" visitedClasses="0" numClasses="0" visitedMethods="0" numMethods="1" />
              <MetadataToken />
              <Name>System.Void Cerebras.Cloud.Sdk.CerebrasClientV2/&lt;CreateTextCompletionAsync&gt;d__12::MoveNext()</Name>
              <FileRef uid="2" />
              <SequencePoints>
                <SequencePoint vc="0" uspid="75" ordinal="0" sl="75" sc="1" el="75" ec="2" bec="0" bev="0" fileid="2" />
                <SequencePoint vc="0" uspid="76" ordinal="1" sl="76" sc="1" el="76" ec="2" bec="0" bev="0" fileid="2" />
                <SequencePoint vc="0" uspid="77" ordinal="2" sl="77" sc="1" el="77" ec="2" bec="0" bev="0" fileid="2" />
              </SequencePoints>
              <BranchPoints />
              <MethodPoint vc="0" uspid="0" p8:type="SequencePoint" ordinal="0" offset="0" sc="0" sl="75" ec="1" el="77" bec="0" bev="0" fileid="2" xmlns:p8="xsi" />
            </Method>
          </Methods>
        </Class>
        <Class>
          <Summary numSequencePoints="29" visitedSequencePoints="0" numBranchPoints="8" visitedBranchPoints="0" sequenceCoverage="0" branchCoverage="0" maxCyclomaticComplexity="8" minCyclomaticComplexity="8" visitedClasses="0" numClasses="1" visitedMethods="0" numMethods="1" />
          <FullName>Cerebras.Cloud.Sdk.CerebrasClientV2/&lt;GenerateCompletionAsync&gt;d__14</FullName>
          <Methods>
            <Method cyclomaticComplexity="8" nPathComplexity="8" sequenceCoverage="0" branchCoverage="0" isConstructor="False" isGetter="False" isSetter="False" isStatic="True">
              <Summary numSequencePoints="29" visitedSequencePoints="0" numBranchPoints="8" visitedBranchPoints="0" sequenceCoverage="0" branchCoverage="0" maxCyclomaticComplexity="8" minCyclomaticComplexity="8" visitedClasses="0" numClasses="0" visitedMethods="0" numMethods="1" />
              <MetadataToken />
              <Name>System.Void Cerebras.Cloud.Sdk.CerebrasClientV2/&lt;GenerateCompletionAsync&gt;d__14::MoveNext()</Name>
              <FileRef uid="2" />
              <SequencePoints>
                <SequencePoint vc="0" uspid="91" ordinal="0" sl="91" sc="1" el="91" ec="2" bec="0" bev="0" fileid="2" />
                <SequencePoint vc="0" uspid="93" ordinal="1" sl="93" sc="1" el="93" ec="2" bec="0" bev="0" fileid="2" />
                <SequencePoint vc="0" uspid="94" ordinal="2" sl="94" sc="1" el="94" ec="2" bec="0" bev="0" fileid="2" />
                <SequencePoint vc="0" uspid="95" ordinal="3" sl="95" sc="1" el="95" ec="2" bec="0" bev="0" fileid="2" />
                <SequencePoint vc="0" uspid="96" ordinal="4" sl="96" sc="1" el="96" ec="2" bec="0" bev="0" fileid="2" />
                <SequencePoint vc="0" uspid="97" ordinal="5" sl="97" sc="1" el="97" ec="2" bec="0" bev="0" fileid="2" />
                <SequencePoint vc="0" uspid="98" ordinal="6" sl="98" sc="1" el="98" ec="2" bec="0" bev="0" fileid="2" />
                <SequencePoint vc="0" uspid="99" ordinal="7" sl="99" sc="1" el="99" ec="2" bec="0" bev="0" fileid="2" />
                <SequencePoint vc="0" uspid="100" ordinal="8" sl="100" sc="1" el="100" ec="2" bec="0" bev="0" fileid="2" />
                <SequencePoint vc="0" uspid="101" ordinal="9" sl="101" sc="1" el="101" ec="2" bec="0" bev="0" fileid="2" />
                <SequencePoint vc="0" uspid="102" ordinal="10" sl="102" sc="1" el="102" ec="2" bec="0" bev="0" fileid="2" />
                <SequencePoint vc="0" uspid="103" ordinal="11" sl="103" sc="1" el="103" ec="2" bec="0" bev="0" fileid="2" />
                <SequencePoint vc="0" uspid="104" ordinal="12" sl="104" sc="1" el="104" ec="2" bec="0" bev="0" fileid="2" />
                <SequencePoint vc="0" uspid="105" ordinal="13" sl="105" sc="1" el="105" ec="2" bec="0" bev="0" fileid="2" />
                <SequencePoint vc="0" uspid="106" ordinal="14" sl="106" sc="1" el="106" ec="2" bec="0" bev="0" fileid="2" />
                <SequencePoint vc="0" uspid="107" ordinal="15" sl="107" sc="1" el="107" ec="2" bec="0" bev="0" fileid="2" />
                <SequencePoint vc="0" uspid="108" ordinal="16" sl="108" sc="1" el="108" ec="2" bec="0" bev="0" fileid="2" />
                <SequencePoint vc="0" uspid="109" ordinal="17" sl="109" sc="1" el="109" ec="2" bec="0" bev="0" fileid="2" />
                <SequencePoint vc="0" uspid="111" ordinal="18" sl="111" sc="1" el="111" ec="2" bec="0" bev="0" fileid="2" />
                <SequencePoint vc="0" uspid="113" ordinal="19" sl="113" sc="1" el="113" ec="2" bec="8" bev="0" fileid="2" />
                <SequencePoint vc="0" uspid="114" ordinal="20" sl="114" sc="1" el="114" ec="2" bec="0" bev="0" fileid="2" />
                <SequencePoint vc="0" uspid="115" ordinal="21" sl="115" sc="1" el="115" ec="2" bec="0" bev="0" fileid="2" />
                <SequencePoint vc="0" uspid="116" ordinal="22" sl="116" sc="1" el="116" ec="2" bec="0" bev="0" fileid="2" />
                <SequencePoint vc="0" uspid="117" ordinal="23" sl="117" sc="1" el="117" ec="2" bec="0" bev="0" fileid="2" />
                <SequencePoint vc="0" uspid="118" ordinal="24" sl="118" sc="1" el="118" ec="2" bec="0" bev="0" fileid="2" />
                <SequencePoint vc="0" uspid="119" ordinal="25" sl="119" sc="1" el="119" ec="2" bec="0" bev="0" fileid="2" />
                <SequencePoint vc="0" uspid="120" ordinal="26" sl="120" sc="1" el="120" ec="2" bec="0" bev="0" fileid="2" />
                <SequencePoint vc="0" uspid="121" ordinal="27" sl="121" sc="1" el="121" ec="2" bec="0" bev="0" fileid="2" />
                <SequencePoint vc="0" uspid="122" ordinal="28" sl="122" sc="1" el="122" ec="2" bec="0" bev="0" fileid="2" />
              </SequencePoints>
              <BranchPoints>
                <BranchPoint vc="0" uspid="113" ordinal="0" path="0" offset="377" offsetend="379" sl="113" fileid="2" />
                <BranchPoint vc="0" uspid="113" ordinal="1" path="1" offset="377" offsetend="383" sl="113" fileid="2" />
                <BranchPoint vc="0" uspid="113" ordinal="2" path="0" offset="389" offsetend="391" sl="113" fileid="2" />
                <BranchPoint vc="0" uspid="113" ordinal="3" path="1" offset="389" offsetend="395" sl="113" fileid="2" />
                <BranchPoint vc="0" uspid="113" ordinal="4" path="0" offset="401" offsetend="403" sl="113" fileid="2" />
                <BranchPoint vc="0" uspid="113" ordinal="5" path="1" offset="401" offsetend="409" sl="113" fileid="2" />
                <BranchPoint vc="0" uspid="113" ordinal="6" path="0" offset="433" offsetend="435" sl="113" fileid="2" />
                <BranchPoint vc="0" uspid="113" ordinal="7" path="1" offset="433" offsetend="439" sl="113" fileid="2" />
              </BranchPoints>
              <MethodPoint vc="0" uspid="0" p8:type="SequencePoint" ordinal="0" offset="0" sc="0" sl="91" ec="1" el="122" bec="0" bev="0" fileid="2" xmlns:p8="xsi" />
            </Method>
          </Methods>
        </Class>
        <Class>
          <Summary numSequencePoints="32" visitedSequencePoints="0" numBranchPoints="8" visitedBranchPoints="0" sequenceCoverage="0" branchCoverage="0" maxCyclomaticComplexity="8" minCyclomaticComplexity="8" visitedClasses="0" numClasses="1" visitedMethods="0" numMethods="1" />
          <FullName>Cerebras.Cloud.Sdk.CerebrasClientV2/&lt;GenerateCompletionStreamAsync&gt;d__15</FullName>
          <Methods>
            <Method cyclomaticComplexity="8" nPathComplexity="8" sequenceCoverage="0" branchCoverage="0" isConstructor="False" isGetter="False" isSetter="False" isStatic="True">
              <Summary numSequencePoints="32" visitedSequencePoints="0" numBranchPoints="8" visitedBranchPoints="0" sequenceCoverage="0" branchCoverage="0" maxCyclomaticComplexity="8" minCyclomaticComplexity="8" visitedClasses="0" numClasses="0" visitedMethods="0" numMethods="1" />
              <MetadataToken />
              <Name>System.Void Cerebras.Cloud.Sdk.CerebrasClientV2/&lt;GenerateCompletionStreamAsync&gt;d__15::MoveNext()</Name>
              <FileRef uid="2" />
              <SequencePoints>
                <SequencePoint vc="0" uspid="128" ordinal="0" sl="128" sc="1" el="128" ec="2" bec="0" bev="0" fileid="2" />
                <SequencePoint vc="0" uspid="130" ordinal="1" sl="130" sc="1" el="130" ec="2" bec="0" bev="0" fileid="2" />
                <SequencePoint vc="0" uspid="131" ordinal="2" sl="131" sc="1" el="131" ec="2" bec="0" bev="0" fileid="2" />
                <SequencePoint vc="0" uspid="132" ordinal="3" sl="132" sc="1" el="132" ec="2" bec="0" bev="0" fileid="2" />
                <SequencePoint vc="0" uspid="133" ordinal="4" sl="133" sc="1" el="133" ec="2" bec="0" bev="0" fileid="2" />
                <SequencePoint vc="0" uspid="134" ordinal="5" sl="134" sc="1" el="134" ec="2" bec="0" bev="0" fileid="2" />
                <SequencePoint vc="0" uspid="135" ordinal="6" sl="135" sc="1" el="135" ec="2" bec="0" bev="0" fileid="2" />
                <SequencePoint vc="0" uspid="136" ordinal="7" sl="136" sc="1" el="136" ec="2" bec="0" bev="0" fileid="2" />
                <SequencePoint vc="0" uspid="137" ordinal="8" sl="137" sc="1" el="137" ec="2" bec="0" bev="0" fileid="2" />
                <SequencePoint vc="0" uspid="138" ordinal="9" sl="138" sc="1" el="138" ec="2" bec="0" bev="0" fileid="2" />
                <SequencePoint vc="0" uspid="139" ordinal="10" sl="139" sc="1" el="139" ec="2" bec="0" bev="0" fileid="2" />
                <SequencePoint vc="0" uspid="140" ordinal="11" sl="140" sc="1" el="140" ec="2" bec="0" bev="0" fileid="2" />
                <SequencePoint vc="0" uspid="141" ordinal="12" sl="141" sc="1" el="141" ec="2" bec="0" bev="0" fileid="2" />
[...]
              <MetadataToken />
              <Name>System.Object Cerebras.Cloud.Sdk.Chat.ChatChoice::get_Logprobs()</Name>
              <FileRef uid="14" />
              <SequencePoints>
                <SequencePoint vc="1" uspid="278" ordinal="0" sl="278" sc="1" el="278" ec="2" bec="0" bev="0" fileid="14" />
              </SequencePoints>
              <BranchPoints />
              <MethodPoint vc="1" uspid="0" p8:type="SequencePoint" ordinal="3" offset="3" sc="0" sl="278" ec="1" el="278" bec="0" bev="0" fileid="14" xmlns:p8="xsi" />
            </Method>
            <Method cyclomaticComplexity="1" nPathComplexity="1" sequenceCoverage="0" branchCoverage="100" isConstructor="True" isGetter="False" isSetter="False" isStatic="True">
              <Summary numSequencePoints="1" visitedSequencePoints="0" numBranchPoints="0" visitedBranchPoints="0" sequenceCoverage="0" branchCoverage="100" maxCyclomaticComplexity="1" minCyclomaticComplexity="1" visitedClasses="0" numClasses="0" visitedMethods="0" numMethods="1" />
              <MetadataToken />
              <Name>System.Void Cerebras.Cloud.Sdk.Chat.ChatChoice::.ctor(Cerebras.Cloud.Sdk.Chat.ChatChoice)</Name>
              <FileRef uid="14" />
              <SequencePoints>
                <SequencePoint vc="0" uspid="257" ordinal="0" sl="257" sc="1" el="257" ec="2" bec="0" bev="0" fileid="14" />
              </SequencePoints>
              <BranchPoints />
              <MethodPoint vc="0" uspid="0" p8:type="SequencePoint" ordinal="4" offset="4" sc="0" sl="257" ec="1" el="257" bec="0" bev="0" fileid="14" xmlns:p8="xsi" />
            </Method>
          </Methods>
        </Class>
        <Class>
          <Summary numSequencePoints="7" visitedSequencePoints="5" numBranchPoints="0" visitedBranchPoints="0" sequenceCoverage="71.42" branchCoverage="100" maxCyclomaticComplexity="1" minCyclomaticComplexity="1" visitedClasses="1" numClasses="1" visitedMethods="5" numMethods="7" />
          <FullName>Cerebras.Cloud.Sdk.Chat.ChatCompletionChunk</FullName>
          <Methods>
            <Method cyclomaticComplexity="1" nPathComplexity="1" sequenceCoverage="100" branchCoverage="100" isConstructor="False" isGetter="True" isSetter="False" isStatic="True">
              <Summary numSequencePoints="1" visitedSequencePoints="1" numBranchPoints="0" visitedBranchPoints="0" sequenceCoverage="100" branchCoverage="100" maxCyclomaticComplexity="1" minCyclomaticComplexity="1" visitedClasses="0" numClasses="0" visitedMethods="1" numMethods="1" />
              <MetadataToken />
              <Name>System.String Cerebras.Cloud.Sdk.Chat.ChatCompletionChunk::get_Id()</Name>
              <FileRef uid="14" />
              <SequencePoints>
                <SequencePoint vc="2" uspid="289" ordinal="0" sl="289" sc="1" el="289" ec="2" bec="0" bev="0" fileid="14" />
              </SequencePoints>
              <BranchPoints />
              <MethodPoint vc="1" uspid="0" p8:type="SequencePoint" ordinal="0" offset="0" sc="0" sl="289" ec="1" el="289" bec="0" bev="0" fileid="14" xmlns:p8="xsi" />
            </Method>
            <Method cyclomaticComplexity="1" nPathComplexity="1" sequenceCoverage="100" branchCoverage="100" isConstructor="False" isGetter="True" isSetter="False" isStatic="True">
              <Summary numSequencePoints="1" visitedSequencePoints="1" numBranchPoints="0" visitedBranchPoints="0" sequenceCoverage="100" branchCoverage="100" maxCyclomaticComplexity="1" minCyclomaticComplexity="1" visitedClasses="0" numClasses="0" visitedMethods="1" numMethods="1" />
              <MetadataToken />
              <Name>System.String Cerebras.Cloud.Sdk.Chat.ChatCompletionChunk::get_Object()</Name>
              <FileRef uid="14" />
              <SequencePoints>
                <SequencePoint vc="2" uspid="294" ordinal="0" sl="294" sc="1" el="294" ec="2" bec="0" bev="0" fileid="14" />
              </SequencePoints>
              <BranchPoints />
              <MethodPoint vc="1" uspid="0" p8:type="SequencePoint" ordinal="1" offset="1" sc="0" sl="294" ec="1" el="294" bec="0" bev="0" fileid="14" xmlns:p8="xsi" />
            </Method>
            <Method cyclomaticComplexity="1" nPathComplexity="1" sequenceCoverage="100" branchCoverage="100" isConstructor="False" isGetter="True" isSetter="False" isStatic="True">
              <Summary numSequencePoints="1" visitedSequencePoints="1" numBranchPoints="0" visitedBranchPoints="0" sequenceCoverage="100" branchCoverage="100" maxCyclomaticComplexity="1" minCyclomaticComplexity="1" visitedClasses="0" numClasses="0" visitedMethods="1" numMethods="1" />
              <MetadataToken />
              <Name>System.Int64 Cerebras.Cloud.Sdk.Chat.ChatCompletionChunk::get_Created()</Name>
              <FileRef uid="14" />
              <SequencePoints>
                <SequencePoint vc="2" uspid="299" ordinal="0" sl="299" sc="1" el="299" ec="2" bec="0" bev="0" fileid="14" />
              </SequencePoints>
              <BranchPoints />
              <MethodPoint vc="1" uspid="0" p8:type="SequencePoint" ordinal="2" offset="2" sc="0" sl="299" ec="1" el="299" bec="0" bev="0" fileid="14" xmlns:p8="xsi" />
            </Method>
            <Method cyclomaticComplexity="1" nPathComplexity="1" sequenceCoverage="100" branchCoverage="100" isConstructor="False" isGetter="True" isSetter="False" isStatic="True">
              <Summary numSequencePoints="1" visitedSequencePoints="1" numBranchPoints="0" visitedBranchPoints="0" sequenceCoverage="100" branchCoverage="100" maxCyclomaticComplexity="1" minCyclomaticComplexity="1" visitedClasses="0" numClasses="0" visitedMethods="1" numMethods="1" />
              <MetadataToken />
              <Name>System.String Cerebras.Cloud.Sdk.Chat.ChatCompletionChunk::get_Model()</Name>
              <FileRef uid="14" />
              <SequencePoints>
                <SequencePoint vc="2" uspid="304" ordinal="0" sl="304" sc="1" el="304" ec="2" bec="0" bev="0" fileid="14" />
              </SequencePoints>
              <BranchPoints />
              <MethodPoint vc="1" uspid="0" p8:type="SequencePoint" ordinal="3" offset="3" sc="0" sl="304" ec="1" el="304" bec="0" bev="0" fileid="14" xmlns:p8="xsi" />
            </Method>
            <Method cyclomaticComplexity="1" nPathComplexity="1" sequenceCoverage="100" branchCoverage="100" isConstructor="False" isGetter="True" isSetter="False" isStatic="True">
              <Summary numSequencePoints="1" visitedSequencePoints="1" numBranchPoints="0" visitedBranchPoints="0" sequenceCoverage="100" branchCoverage="100" maxCyclomaticComplexity="1" minCyclomaticComplexity="1" visitedClasses="0" numClasses="0" visitedMethods="1" numMethods="1" />
              <MetadataToken />
              <Name>System.Collections.Generic.IList`1&lt;Cerebras.Cloud.Sdk.Chat.ChatStreamChoice&gt; Cerebras.Cloud.Sdk.Chat.ChatCompletionChunk::get_Choices()</Name>
              <FileRef uid="14" />
              <SequencePoints>
                <SequencePoint vc="5" uspid="309" ordinal="0" sl="309" sc="1" el="309" ec="2" bec="0" bev="0" fileid="14" />
              </SequencePoints>
              <BranchPoints />
              <MethodPoint vc="1" uspid="0" p8:type="SequencePoint" ordinal="4" offset="4" sc="0" sl="309" ec="1" el="309" bec="0" bev="0" fileid="14" xmlns:p8="xsi" />
            </Method>
            <Method cyclomaticComplexity="1" nPathComplexity="1" sequenceCoverage="0" branchCoverage="100" isConstructor="False" isGetter="True" isSetter="False" isStatic="True">
              <Summary numSequencePoints="1" visitedSequencePoints="0" numBranchPoints="0" visitedBranchPoints="0" sequenceCoverage="0" branchCoverage="100" maxCyclomaticComplexity="1" minCyclomaticComplexity="1" visitedClasses="0" numClasses="0" visitedMethods="0" numMethods="1" />
              <MetadataToken />
              <Name>System.String Cerebras.Cloud.Sdk.Chat.ChatCompletionChunk::get_SystemFingerprint()</Name>
              <FileRef uid="14" />
              <SequencePoints>
                <SequencePoint vc="0" uspid="315" ordinal="0" sl="315" sc="1" el="315" ec="2" bec="0" bev="0" fileid="14" />
              </SequencePoints>
              <BranchPoints />
              <MethodPoint vc="0" uspid="0" p8:type="SequencePoint" ordinal="5" offset="5" sc="0" sl="315" ec="1" el="315" bec="0" bev="0" fileid="14" xmlns:p8="xsi" />
            </Method>
            <Method cyclomaticComplexity="1" nPathComplexity="1" sequenceCoverage="0" branchCoverage="100" isConstructor="True" isGetter="False" isSetter="False" isStatic="True">
              <Summary numSequencePoints="1" visitedSequencePoints="0" numBranchPoints="0" visitedBranchPoints="0" sequenceCoverage="0" branchCoverage="100" maxCyclomaticComplexity="1" minCyclomaticComplexity="1" visitedClasses="0" numClasses="0" visitedMethods="0" numMethods="1" />
              <MetadataToken />
              <Name>System.Void Cerebras.Cloud.Sdk.Chat.ChatCompletionChunk::.ctor(Cerebras.Cloud.Sdk.Chat.ChatCompletionChunk)</Name>
              <FileRef uid="14" />
              <SequencePoints>
                <SequencePoint vc="0" uspid="284" ordinal="0" sl="284" sc="1" el="284" ec="2" bec="0" bev="0" fileid="14" />
              </SequencePoints>
              <BranchPoints />
              <MethodPoint vc="0" uspid="0" p8:type="SequencePoint" ordinal="6" offset="6" sc="0" sl="284" ec="1" el="284" bec="0" bev="0" fileid="14" xmlns:p8="xsi" />
            </Method>
          </Methods>
        </Class>
        <Class>
          <Summary numSequencePoints="5" visitedSequencePoints="3" numBranchPoints="0" visitedBranchPoints="0" sequenceCoverage="60" branchCoverage="100" maxCyclomaticComplexity="1" minCyclomaticComplexity="1" visitedClasses="1" numClasses="1" visitedMethods="3" numMethods="5" />
          <FullName>Cerebras.Cloud.Sdk.Chat.ChatStreamChoice</FullName>
          <Methods>
            <Method cyclomaticComplexity="1" nPathComplexity="1" sequenceCoverage="100" branchCoverage="100" isConstructor="False" isGetter="True" isSetter="False" isStatic="True">
              <Summary numSequencePoints="1" visitedSequencePoints="1" numBranchPoints="0" visitedBranchPoints="0" sequenceCoverage="100" branchCoverage="100" maxCyclomaticComplexity="1" minCyclomaticComplexity="1" visitedClasses="0" numClasses="0" visitedMethods="1" numMethods="1" />
              <MetadataToken />
              <Name>System.Int32 Cerebras.Cloud.Sdk.Chat.ChatStreamChoice::get_Index()</Name>
              <FileRef uid="14" />
              <SequencePoints>
                <SequencePoint vc="2" uspid="326" ordinal="0" sl="326" sc="1" el="326" ec="2" bec="0" bev="0" fileid="14" />
              </SequencePoints>
              <BranchPoints />
              <MethodPoint vc="1" uspid="0" p8:type="SequencePoint" ordinal="0" offset="0" sc="0" sl="326" ec="1" el="326" bec="0" bev="0" fileid="14" xmlns:p8="xsi" />
            </Method>
            <Method cyclomaticComplexity="1" nPathComplexity="1" sequenceCoverage="100" branchCoverage="100" isConstructor="False" isGetter="True" isSetter="False" isStatic="True">
              <Summary numSequencePoints="1" visitedSequencePoints="1" numBranchPoints="0" visitedBranchPoints="0" sequenceCoverage="100" branchCoverage="100" maxCyclomaticComplexity="1" minCyclomaticComplexity="1" visitedClasses="0" numClasses="0" visitedMethods="1" numMethods="1" />
              <MetadataToken />
              <Name>Cerebras.Cloud.Sdk.Chat.ChatMessageDelta Cerebras.Cloud.Sdk.Chat.ChatStreamChoice::get_Delta()</Name>
              <FileRef uid="14" />
              <SequencePoints>
                <SequencePoint vc="4" uspid="331" ordinal="0" sl="331" sc="1" el="331" ec="2" bec="0" bev="0" fileid="14" />
              </SequencePoints>
              <BranchPoints />
              <MethodPoint vc="1" uspid="0" p8:type="SequencePoint" ordinal="1" offset="1" sc="0" sl="331" ec="1" el="331" bec="0" bev="0" fileid="14" xmlns:p8="xsi" />
            </Method>
            <Method cyclomaticComplexity="1" nPathComplexity="1" sequenceCoverage="100" branchCoverage="100" isConstructor="False" isGetter="True" isSetter="False" isStatic="True">
              <Summary numSequencePoints="1" visitedSequencePoints="1" numBranchPoints="0" visitedBranchPoints="0" sequenceCoverage="100" branchCoverage="100" maxCyclomaticComplexity="1" minCyclomaticComplexity="1" visitedClasses="0" numClasses="0" visitedMethods="1" numMethods="1" />
              <MetadataToken />
              <Name>System.String Cerebras.Cloud.Sdk.Chat.ChatStreamChoice::get_FinishReason()</Name>
              <FileRef uid="14" />
              <SequencePoints>
                <SequencePoint vc="2" uspid="337" ordinal="0" sl="337" sc="1" el="337" ec="2" bec="0" bev="0" fileid="14" />
              </SequencePoints>
              <BranchPoints />
              <MethodPoint vc="1" uspid="0" p8:type="SequencePoint" ordinal="2" offset="2" sc="0" sl="337" ec="1" el="337" bec="0" bev="0" fileid="14" xmlns:p8="xsi" />
            </Method>
            <Method cyclomaticComplexity="1" nPathComplexity="1" sequenceCoverage="0" branchCoverage="100" isConstructor="False" isGetter="True" isSetter="False" isStatic="True">
              <Summary numSequencePoints="1" visitedSequencePoints="0" numBranchPoints="0" visitedBranchPoints="0" sequenceCoverage="0" branchCoverage="100" maxCyclomaticComplexity="1" minCyclomaticComplexity="1" visitedClasses="0" numClasses="0" visitedMethods="0" numMethods="1" />
              <MetadataToken />
              <Name>System.Object Cerebras.Cloud.Sdk.Chat.ChatStreamChoice::get_Logprobs()</Name>
              <FileRef uid="14" />
              <SequencePoints>
                <SequencePoint vc="0" uspid="342" ordinal="0" sl="342" sc="1" el="342" ec="2" bec="0" bev="0" fileid="14" />
              </SequencePoints>
              <BranchPoints />
              <MethodPoint vc="0" uspid="0" p8:type="SequencePoint" ordinal="3" offset="3" sc="0" sl="342" ec="1" el="342" bec="0" bev="0" fileid="14" xmlns:p8="xsi" />
            </Method>
            <Method cyclomaticComplexity="1" nPathComplexity="1" sequenceCoverage="0" branchCoverage="100" isConstructor="True" isGetter="False" isSetter="False" isStatic="True">
              <Summary numSequencePoints="1" visitedSequencePoints="0" numBranchPoints="0" visitedBranchPoints="0" sequenceCoverage="0" branchCoverage="100" maxCyclomaticComplexity="1" minCyclomaticComplexity="1" visitedClasses="0" numClasses="0" visitedMethods="0" numMethods="1" />
              <MetadataToken />
              <Name>System.Void Cerebras.Cloud.Sdk.Chat.ChatStreamChoice::.ctor(Cerebras.Cloud.Sdk.Chat.ChatStreamChoice)</Name>
              <FileRef uid="14" />
              <SequencePoints>
                <SequencePoint vc="0" uspid="321" ordinal="0" sl="321" sc="1" el="321" ec="2" bec="0" bev="0" fileid="14" />
              </SequencePoints>
              <BranchPoints />
              <MethodPoint vc="0" uspid="0" p8:type="SequencePoint" ordinal="4" offset="4" sc="0" sl="321" ec="1" el="321" bec="0" bev="0" fileid="14" xmlns:p8="xsi" />
            </Method>
          </Methods>
        </Class>
        <Class>
          <Summary numSequencePoints="4" visitedSequencePoints="1" numBranchPoints="0" visitedBranchPoints="0" sequenceCoverage="25" branchCoverage="100" maxCyclomaticComplexity="1" minCyclomaticComplexity="1" visitedClasses="1" numClasses="1" visitedMethods="1" numMethods="4" />
          <FullName>Cerebras.Cloud.Sdk.Chat.ChatMessageDelta</FullName>
          <Methods>
            <Method cyclomaticComplexity="1" nPathComplexity="1" sequenceCoverage="0" branchCoverage="100" isConstructor="False" isGetter="True" isSetter="False" isStatic="True">
              <Summary numSequencePoints="1" visitedSequencePoints="0" numBranchPoints="0" visitedBranchPoints="0" sequenceCoverage="0" branchCoverage="100" maxCyclomaticComplexity="1" minCyclomaticComplexity="1" visitedClasses="0" numClasses="0" visitedMethods="0" numMethods="1" />
              <MetadataToken />
              <Name>System.String Cerebras.Cloud.Sdk.Chat.ChatMessageDelta::get_Role()</Name>
              <FileRef uid="14" />
              <SequencePoints>
                <SequencePoint vc="0" uspid="353" ordinal="0" sl="353" sc="1" el="353" ec="2" bec="0" bev="0" fileid="14" />
              </SequencePoints>
              <BranchPoints />
              <MethodPoint vc="0" uspid="0" p8:type="SequencePoint" ordinal="0" offset="0" sc="0" sl="353" ec="1" el="353" bec="0" bev="0" fileid="14" xmlns:p8="xsi" />
            </Method>
            <Method cyclomaticComplexity="1" nPathComplexity="1" sequenceCoverage="100" branchCoverage="100" isConstructor="False" isGetter="True" isSetter="False" isStatic="True">
              <Summary numSequencePoints="1" visitedSequencePoints="1" numBranchPoints="0" visitedBranchPoints="0" sequenceCoverage="100" branchCoverage="100" maxCyclomaticComplexity="1" minCyclomaticComplexity="1" visitedClasses="0" numClasses="0" visitedMethods="1" numMethods="1" />
              <MetadataToken />
              <Name>System.String Cerebras.Cloud.Sdk.Chat.ChatMessageDelta::get_Content()</Name>
              <FileRef uid="14" />
              <SequencePoints>
                <SequencePoint vc="4" uspid="358" ordinal="0" sl="358" sc="1" el="358" ec="2" bec="0" bev="0" fileid="14" />
              </SequencePoints>
              <BranchPoints />
              <MethodPoint vc="1" uspid="0" p8:type="SequencePoint" ordinal="1" offset="1" sc="0" sl="358" ec="1" el="358" bec="0" bev="0" fileid="14" xmlns:p8="xsi" />
            </Method>
            <Method cyclomaticComplexity="1" nPathComplexity="1" sequenceCoverage="0" branchCoverage="100" isConstructor="False" isGetter="True" isSetter="False" isStatic="True">
              <Summary numSequencePoints="1" visitedSequencePoints="0" numBranchPoints="0" visitedBranchPoints="0" sequenceCoverage="0" branchCoverage="100" maxCyclomaticComplexity="1" minCyclomaticComplexity="1" visitedClasses="0" numClasses="0" visitedMethods="0" numMethods="1" />
              <MetadataToken />
              <Name>System.Collections.Generic.IList`1&lt;Cerebras.Cloud.Sdk.Chat.ToolCall&gt; Cerebras.Cloud.Sdk.Chat.ChatMessageDelta::get_ToolCalls()</Name>
              <FileRef uid="14" />
              <SequencePoints>
                <SequencePoint vc="0" uspid="364" ordinal="0" sl="364" sc="1" el="364" ec="2" bec="0" bev="0" fileid="14" />
              </SequencePoints>
              <BranchPoints />
              <MethodPoint vc="0" uspid="0" p8:type="SequencePoint" ordinal="2" offset="2" sc="0" sl="364" ec="1" el="364" bec="0" bev="0" fileid="14" xmlns:p8="xsi" />
            </Method>
            <Method cyclomaticComplexity="1" nPathComplexity="1" sequenceCoverage="0" branchCoverage="100" isConstructor="True" isGetter="False" isSetter="False" isStatic="True">
              <Summary numSequencePoints="1" visitedSequencePoints="0" numBranchPoints="0" visitedBranchPoints="0" sequenceCoverage="0" branchCoverage="100" maxCyclomaticComplexity="1" minCyclomaticComplexity="1" visitedClasses="0" numClasses="0" visitedMethods="0" numMethods="1" />
              <MetadataToken />
              <Name>System.Void Cerebras.Cloud.Sdk.Chat.ChatMessageDelta::.ctor(Cerebras.Cloud.Sdk.Chat.ChatMessageDelta)</Name>
              <FileRef uid="14" />
              <SequencePoints>
                <SequencePoint vc="0" uspid="348" ordinal="0" sl="348" sc="1" el="348" ec="2" bec="0" bev="0" fileid="14" />
              </SequencePoints>
              <BranchPoints />
              <MethodPoint vc="0" uspid="0" p8:type="SequencePoint" ordinal="3" offset="3" sc="0" sl="348" ec="1" el="348" bec="0" bev="0" fileid="14" xmlns:p8="xsi" />
            </Method>
          </Methods>
        </Class>
      </Classes>
    </Module>
  </Modules>
</CoverageSession>